
[2009/03/04, 16:04:15] INDEX_LIST reader : d:/nas/ibss/ixlib.ilb file open failure. bad configuration or file not found.
[2009/03/04, 16:04:15] initIndex(): 설정이 선택되지 않았습니다. 최초 구동 시점으로 간주하고 설정을 읽는 처리 작업만 완료합니다.
[2009/03/04, 16:04:15] createIndex(): Update 모드로 동작합니다.
[2009/03/04, 16:04:15] DB Consistency Check Failure: 형태소 분석 DB 색인어 사전 인덱스(IndexDic.idx) 파일에 문제가 있습니다.!
[2009/03/04, 16:04:15] createIndex() : 기존 DB가 백업하기에 올바르지 않거나 존재하지 않습니다. 새로운 DB를 구성합니다.
[2009/03/04, 16:04:15] Indexing Term sort/merging Component Processed.
[2009/03/04, 16:04:15] Indexing Term Sort / Merging 완료 프로시저 시행 완료.
[2009/03/04, 16:04:15] Term List를 생성하기 시작한다.
[2009/03/04, 16:04:15] Term List를 생성완료.
[2009/03/04, 16:04:15] Inverted Index 생성 시작..
[2009/03/04, 16:04:15] Inverted Index 생성 프로시저 완료.
[2009/03/04, 16:04:15] createIndex(): iif_confitem_add() 성공. 매핑 번호 0
[2009/03/04, 16:04:15] createIndex(): 저장된 인덱스가 올바른지 최종적으로 검사합니다.
[2009/03/04, 16:04:15] createIndex() : bbc 인덱스 생성이 정상적으로 완료되었습니다.
[2009/03/04, 16:04:15] bbc 이름의 인덱스를 0 번 위치에서 찾았습니다. 이를 바탕으로 구성합니다.
[2009/03/04, 16:04:15] 검색을 시작합니다. 질의문 - [최시중2]
[2009/03/04, 16:04:15] searchString() : 형태소 분석 DB를 사용, 검색을 준비한다.
[2009/03/04, 16:04:15] 질의문 [최시중2] 에 대한 검색 완료.
[2009/03/04, 16:04:15] bbc 이름의 인덱스를 0 번 위치에서 찾았습니다. 이를 바탕으로 구성합니다.
[2009/03/04, 16:04:15] 검색을 시작합니다. 질의문 - [(sample160 & sample161) | (sample160 & NOTFOUND)]
[2009/03/04, 16:04:15] searchString() : 형태소 분석 DB를 사용, 검색을 준비한다.
[2009/03/04, 16:04:16] 질의문 [(sample160 & sample161) | (sample160 & NOTFOUND)] 에 대한 검색 완료.