
[2018/08/24, 19:20:56] initIndex(): 설정이 선택되지 않았습니다. 최초 구동 시점으로 간주하고 설정을 읽는 처리 작업만 완료합니다.
[2018/08/24, 19:20:56] iif_confitem_select_name(): 아이템이 없거나 할당이 되지 않았습니다.
[2018/08/24, 19:20:56] Cannot find IndexName in selectIndexbyName() function.
[2018/08/24, 19:22:43] initIndex(): 설정이 선택되지 않았습니다. 최초 구동 시점으로 간주하고 설정을 읽는 처리 작업만 완료합니다.
[2018/08/24, 19:22:43] bbc 이름의 인덱스를 0 번 위치에서 찾았습니다. 이를 바탕으로 구성합니다.
[2018/08/24, 19:22:43] 검색을 시작합니다. 질의문 - [안녕]
[2018/08/24, 19:22:43] searchString() : 형태소 분석 DB를 사용, 검색을 준비한다.
[2018/08/24, 19:22:43] WARNING: searchString(): 반환 구조체 realloc에 실패했습니다. 이전 상태로 반환합니다. realloc에 실패한 경우 차지하는 메모리의 크기가 최적화되지 않게되므로, 해당 구조체의 사용직후 반드시 메모리에서 해제해주시길 바랍니다.
[2018/08/24, 19:22:43] 질의문 [안녕] 에 대한 검색 완료.
[2018/08/24, 19:23:45] initIndex(): 설정이 선택되지 않았습니다. 최초 구동 시점으로 간주하고 설정을 읽는 처리 작업만 완료합니다.
[2018/08/24, 19:23:45] bbc 이름의 인덱스를 0 번 위치에서 찾았습니다. 이를 바탕으로 구성합니다.
[2018/08/24, 19:23:45] 검색을 시작합니다. 질의문 - [안녕]
[2018/08/24, 19:23:45] searchString() : 형태소 분석 DB를 사용, 검색을 준비한다.
[2018/08/24, 19:23:45] WARNING: searchString(): 반환 구조체 realloc에 실패했습니다. 이전 상태로 반환합니다. realloc에 실패한 경우 차지하는 메모리의 크기가 최적화되지 않게되므로, 해당 구조체의 사용직후 반드시 메모리에서 해제해주시길 바랍니다.
[2018/08/24, 19:23:45] 질의문 [안녕] 에 대한 검색 완료.
[2018/08/24, 19:24:54] initIndex(): 설정이 선택되지 않았습니다. 최초 구동 시점으로 간주하고 설정을 읽는 처리 작업만 완료합니다.
[2018/08/24, 19:24:54] bbc 이름의 인덱스를 0 번 위치에서 찾았습니다. 이를 바탕으로 구성합니다.
[2018/08/24, 19:24:54] 검색을 시작합니다. 질의문 - [안녕]
[2018/08/24, 19:24:54] searchString() : 형태소 분석 DB를 사용, 검색을 준비한다.
[2018/08/24, 19:24:54] WARNING: searchString(): 반환 구조체 realloc에 실패했습니다. 이전 상태로 반환합니다. realloc에 실패한 경우 차지하는 메모리의 크기가 최적화되지 않게되므로, 해당 구조체의 사용직후 반드시 메모리에서 해제해주시길 바랍니다.
[2018/08/24, 19:24:54] 질의문 [안녕] 에 대한 검색 완료.
[2018/08/24, 19:25:14] initIndex(): 설정이 선택되지 않았습니다. 최초 구동 시점으로 간주하고 설정을 읽는 처리 작업만 완료합니다.
[2018/08/24, 19:25:14] bbc 이름의 인덱스를 0 번 위치에서 찾았습니다. 이를 바탕으로 구성합니다.
[2018/08/24, 19:25:14] 검색을 시작합니다. 질의문 - [안녕]
[2018/08/24, 19:25:14] searchString() : 형태소 분석 DB를 사용, 검색을 준비한다.
[2018/08/24, 19:25:14] WARNING: searchString(): 반환 구조체 realloc에 실패했습니다. 이전 상태로 반환합니다. realloc에 실패한 경우 차지하는 메모리의 크기가 최적화되지 않게되므로, 해당 구조체의 사용직후 반드시 메모리에서 해제해주시길 바랍니다.
[2018/08/24, 19:25:14] 질의문 [안녕] 에 대한 검색 완료.
[2018/08/24, 19:25:35] initIndex(): 설정이 선택되지 않았습니다. 최초 구동 시점으로 간주하고 설정을 읽는 처리 작업만 완료합니다.
[2018/08/24, 19:25:35] bbc 이름의 인덱스를 0 번 위치에서 찾았습니다. 이를 바탕으로 구성합니다.
[2018/08/24, 19:25:35] 검색을 시작합니다. 질의문 - [안녕]
[2018/08/24, 19:25:35] searchString() : 형태소 분석 DB를 사용, 검색을 준비한다.
[2018/08/24, 19:25:35] WARNING: searchString(): 반환 구조체 realloc에 실패했습니다. 이전 상태로 반환합니다. realloc에 실패한 경우 차지하는 메모리의 크기가 최적화되지 않게되므로, 해당 구조체의 사용직후 반드시 메모리에서 해제해주시길 바랍니다.
[2018/08/24, 19:25:35] 질의문 [안녕] 에 대한 검색 완료.
[2018/08/24, 19:26:29] initIndex(): 설정이 선택되지 않았습니다. 최초 구동 시점으로 간주하고 설정을 읽는 처리 작업만 완료합니다.
[2018/08/24, 19:26:29] bbc 이름의 인덱스를 0 번 위치에서 찾았습니다. 이를 바탕으로 구성합니다.
[2018/08/24, 19:26:29] 검색을 시작합니다. 질의문 - [안녕]
[2018/08/24, 19:26:29] searchString() : 형태소 분석 DB를 사용, 검색을 준비한다.
[2018/08/24, 19:26:29] WARNING: searchString(): 반환 구조체 realloc에 실패했습니다. 이전 상태로 반환합니다. realloc에 실패한 경우 차지하는 메모리의 크기가 최적화되지 않게되므로, 해당 구조체의 사용직후 반드시 메모리에서 해제해주시길 바랍니다.
[2018/08/24, 19:26:29] 질의문 [안녕] 에 대한 검색 완료.
[2018/08/24, 19:26:59] initIndex(): 설정이 선택되지 않았습니다. 최초 구동 시점으로 간주하고 설정을 읽는 처리 작업만 완료합니다.
[2018/08/24, 19:26:59] bbc 이름의 인덱스를 0 번 위치에서 찾았습니다. 이를 바탕으로 구성합니다.
[2018/08/24, 19:26:59] 검색을 시작합니다. 질의문 - [안녕]
[2018/08/24, 19:26:59] searchString() : 형태소 분석 DB를 사용, 검색을 준비한다.
[2018/08/24, 19:26:59] WARNING: searchString(): 반환 구조체 realloc에 실패했습니다. 이전 상태로 반환합니다. realloc에 실패한 경우 차지하는 메모리의 크기가 최적화되지 않게되므로, 해당 구조체의 사용직후 반드시 메모리에서 해제해주시길 바랍니다.
[2018/08/24, 19:26:59] 질의문 [안녕] 에 대한 검색 완료.
[2018/08/24, 19:32:03] initIndex(): 설정이 선택되지 않았습니다. 최초 구동 시점으로 간주하고 설정을 읽는 처리 작업만 완료합니다.
[2018/08/24, 19:32:03] bbc 이름의 인덱스를 0 번 위치에서 찾았습니다. 이를 바탕으로 구성합니다.
[2018/08/24, 19:32:03] 검색을 시작합니다. 질의문 - [안녕]
[2018/08/24, 19:32:03] searchString() : 형태소 분석 DB를 사용, 검색을 준비한다.
[2018/08/24, 19:32:03] WARNING: searchString(): 반환 구조체 realloc에 실패했습니다. 이전 상태로 반환합니다. realloc에 실패한 경우 차지하는 메모리의 크기가 최적화되지 않게되므로, 해당 구조체의 사용직후 반드시 메모리에서 해제해주시길 바랍니다.
[2018/08/24, 19:32:03] 질의문 [안녕] 에 대한 검색 완료.
[2018/08/24, 19:33:03] initIndex(): 설정이 선택되지 않았습니다. 최초 구동 시점으로 간주하고 설정을 읽는 처리 작업만 완료합니다.
[2018/08/24, 19:33:03] bbc 이름의 인덱스를 0 번 위치에서 찾았습니다. 이를 바탕으로 구성합니다.
[2018/08/24, 19:33:03] 검색을 시작합니다. 질의문 - [안녕]
[2018/08/24, 19:33:03] searchString() : 형태소 분석 DB를 사용, 검색을 준비한다.
[2018/08/24, 19:33:03] WARNING: searchString(): 반환 구조체 realloc에 실패했습니다. 이전 상태로 반환합니다. realloc에 실패한 경우 차지하는 메모리의 크기가 최적화되지 않게되므로, 해당 구조체의 사용직후 반드시 메모리에서 해제해주시길 바랍니다.
[2018/08/24, 19:33:03] 질의문 [안녕] 에 대한 검색 완료.
[2018/08/24, 19:33:49] initIndex(): 설정이 선택되지 않았습니다. 최초 구동 시점으로 간주하고 설정을 읽는 처리 작업만 완료합니다.
[2018/08/24, 19:33:49] bbc 이름의 인덱스를 0 번 위치에서 찾았습니다. 이를 바탕으로 구성합니다.
[2018/08/24, 19:33:49] 검색을 시작합니다. 질의문 - [미국]
[2018/08/24, 19:33:49] searchString() : 형태소 분석 DB를 사용, 검색을 준비한다.
[2018/08/24, 19:33:49] WARNING: searchString(): 반환 구조체 realloc에 실패했습니다. 이전 상태로 반환합니다. realloc에 실패한 경우 차지하는 메모리의 크기가 최적화되지 않게되므로, 해당 구조체의 사용직후 반드시 메모리에서 해제해주시길 바랍니다.
[2018/08/24, 19:33:49] 질의문 [미국] 에 대한 검색 완료.
[2018/08/24, 19:35:26] initIndex(): 설정이 선택되지 않았습니다. 최초 구동 시점으로 간주하고 설정을 읽는 처리 작업만 완료합니다.
[2018/08/24, 19:35:26] bbc 이름의 인덱스를 0 번 위치에서 찾았습니다. 이를 바탕으로 구성합니다.
[2018/08/24, 19:35:26] 검색을 시작합니다. 질의문 - [안녕]
[2018/08/24, 19:35:26] searchString() : 형태소 분석 DB를 사용, 검색을 준비한다.
[2018/08/24, 19:35:26] WARNING: searchString(): 반환 구조체 realloc에 실패했습니다. 이전 상태로 반환합니다. realloc에 실패한 경우 차지하는 메모리의 크기가 최적화되지 않게되므로, 해당 구조체의 사용직후 반드시 메모리에서 해제해주시길 바랍니다.
[2018/08/24, 19:35:26] 질의문 [안녕] 에 대한 검색 완료.