
[2009/02/20, 15:34:51] INDEX_LIST reader : d:/nas/ibss/ixlib.ilb file open failure. bad configuration or file not found.
[2009/02/20, 15:34:51] initIndex(): 설정이 선택되지 않았습니다. 최초 구동 시점으로 간주하고 설정을 읽는 처리 작업만 완료합니다.
[2009/02/20, 15:34:51] createIndex(): Update 모드로 동작합니다.
[2009/02/20, 15:34:51] DB Consistency Check Failure: 형태소 분석 DB 색인어 사전 인덱스(IndexDic.idx) 파일에 문제가 있습니다.!
[2009/02/20, 15:34:51] createIndex() : 기존 DB가 백업하기에 올바르지 않거나 존재하지 않습니다. 새로운 DB를 구성합니다.
[2009/02/20, 15:34:51] Indexing Term sort/merging Component Processed.
[2009/02/20, 15:34:51] Indexing Term Sort / Merging 완료 프로시저 시행 완료.
[2009/02/20, 15:34:51] Term List를 생성하기 시작한다.
[2009/02/20, 15:34:51] Term List를 생성완료.
[2009/02/20, 15:34:51] Inverted Index 생성 시작..
[2009/02/20, 15:34:51] Inverted Index 생성 프로시저 완료.
[2009/02/20, 15:34:51] createIndex(): iif_confitem_add() 성공. 매핑 번호 0
[2009/02/20, 15:34:51] createIndex(): 저장된 인덱스가 올바른지 최종적으로 검사합니다.
[2009/02/20, 15:34:51] createIndex() : bbc 인덱스 생성이 정상적으로 완료되었습니다.
[2009/02/20, 15:34:51] bbc 이름의 인덱스를 0 번 위치에서 찾았습니다. 이를 바탕으로 구성합니다.
[2009/02/20, 15:34:51] 검색을 시작합니다. 질의문 - [sample276]
[2009/02/20, 15:34:51] searchString() : 형태소 분석 DB를 사용, 검색을 준비한다.
[2009/02/20, 15:34:53] 질의문 [sample276] 에 대한 검색 완료.
[2009/02/20, 15:34:53] bbc 이름의 인덱스를 0 번 위치에서 찾았습니다. 이를 바탕으로 구성합니다.
[2009/02/20, 15:34:53] 검색을 시작합니다. 질의문 - [최시중362 & sample363]
[2009/02/20, 15:34:53] searchString() : 형태소 분석 DB를 사용, 검색을 준비한다.
[2009/02/20, 15:34:55] 질의문 [최시중362 & sample363] 에 대한 검색 완료.
[2009/02/20, 15:39:54] initIndex(): 설정이 선택되지 않았습니다. 최초 구동 시점으로 간주하고 설정을 읽는 처리 작업만 완료합니다.
[2009/02/20, 15:39:54] createIndex(): Update 모드로 동작합니다.
[2009/02/20, 15:39:54] createIndex(): 기존 DB 발견, DB를 업데이트 하기전 이전 DB를 d:/nas/ibss/bbc/IDX_OLD로 복사본을 생성합니다.
[2009/02/20, 15:39:54] createIndex(): 기존 DB를 성공적으로 백업하였습니다.
[2009/02/20, 15:39:54] Indexing Term sort/merging Component Processed.
[2009/02/20, 15:39:54] Indexing Term Sort / Merging 완료 프로시저 시행 완료.
[2009/02/20, 15:39:54] Term List를 생성하기 시작한다.
[2009/02/20, 15:39:54] Term List를 생성완료.
[2009/02/20, 15:39:54] Inverted Index 생성 시작..
[2009/02/20, 15:39:54] Inverted Index 생성 프로시저 완료.
[2009/02/20, 15:39:54] createIndex(): iif_confitem_add() 성공. 매핑 번호 1
[2009/02/20, 15:39:54] createIndex(): 저장된 인덱스가 올바른지 최종적으로 검사합니다.
[2009/02/20, 15:39:54] createIndex() : bbc 인덱스 생성이 정상적으로 완료되었습니다.
[2009/02/20, 15:39:54] bbc 이름의 인덱스를 1 번 위치에서 찾았습니다. 이를 바탕으로 구성합니다.
[2009/02/20, 15:39:54] 검색을 시작합니다. 질의문 - [sample276]
[2009/02/20, 15:39:54] searchString() : 형태소 분석 DB를 사용, 검색을 준비한다.
[2009/02/20, 15:39:55] 질의문 [sample276] 에 대한 검색 완료.
[2009/02/20, 15:39:55] bbc 이름의 인덱스를 1 번 위치에서 찾았습니다. 이를 바탕으로 구성합니다.
[2009/02/20, 15:39:55] 검색을 시작합니다. 질의문 - [최시중362 & sample363]
[2009/02/20, 15:39:55] searchString() : 형태소 분석 DB를 사용, 검색을 준비한다.
[2009/02/20, 15:39:57] 질의문 [최시중362 & sample363] 에 대한 검색 완료.
[2009/02/20, 15:40:04] initIndex(): 설정이 선택되지 않았습니다. 최초 구동 시점으로 간주하고 설정을 읽는 처리 작업만 완료합니다.
[2009/02/20, 15:40:04] createIndex(): Update 모드로 동작합니다.
[2009/02/20, 15:40:04] createIndex(): 기존 DB 발견, DB를 업데이트 하기전 이전 DB를 d:/nas/ibss/bbc/IDX_OLD로 복사본을 생성합니다.
[2009/02/20, 15:40:05] createIndex(): 기존 DB를 성공적으로 백업하였습니다.
[2009/02/20, 15:40:05] Indexing Term sort/merging Component Processed.
[2009/02/20, 15:40:05] Indexing Term Sort / Merging 완료 프로시저 시행 완료.
[2009/02/20, 15:40:05] Term List를 생성하기 시작한다.
[2009/02/20, 15:40:05] Term List를 생성완료.
[2009/02/20, 15:40:05] Inverted Index 생성 시작..
[2009/02/20, 15:40:05] Inverted Index 생성 프로시저 완료.
[2009/02/20, 15:40:05] createIndex(): iif_confitem_add() 성공. 매핑 번호 1
[2009/02/20, 15:40:05] createIndex(): 저장된 인덱스가 올바른지 최종적으로 검사합니다.
[2009/02/20, 15:40:05] createIndex() : bbc 인덱스 생성이 정상적으로 완료되었습니다.
[2009/02/20, 15:40:05] bbc 이름의 인덱스를 1 번 위치에서 찾았습니다. 이를 바탕으로 구성합니다.
[2009/02/20, 15:40:05] 검색을 시작합니다. 질의문 - [sample276]
[2009/02/20, 15:40:05] searchString() : 형태소 분석 DB를 사용, 검색을 준비한다.
[2009/02/20, 15:40:06] 질의문 [sample276] 에 대한 검색 완료.
[2009/02/20, 15:40:06] bbc 이름의 인덱스를 1 번 위치에서 찾았습니다. 이를 바탕으로 구성합니다.
[2009/02/20, 15:40:06] 검색을 시작합니다. 질의문 - [최시중362 & sample363]
[2009/02/20, 15:40:06] searchString() : 형태소 분석 DB를 사용, 검색을 준비한다.
[2009/02/20, 15:40:08] 질의문 [최시중362 & sample363] 에 대한 검색 완료.
[2009/02/20, 17:25:32] initIndex(): 설정이 선택되지 않았습니다. 최초 구동 시점으로 간주하고 설정을 읽는 처리 작업만 완료합니다.
[2009/02/20, 17:25:32] createIndex(): Update 모드로 동작합니다.
[2009/02/20, 17:25:32] createIndex(): 기존 DB 발견, DB를 업데이트 하기전 이전 DB를 d:/nas/ibss/bbc/IDX_OLD로 복사본을 생성합니다.
[2009/02/20, 17:25:32] createIndex(): 기존 DB를 성공적으로 백업하였습니다.
[2009/02/20, 17:25:32] Indexing Term sort/merging Component Processed.
[2009/02/20, 17:25:32] Indexing Term Sort / Merging 완료 프로시저 시행 완료.
[2009/02/20, 17:25:32] Term List를 생성하기 시작한다.
[2009/02/20, 17:25:32] Term List를 생성완료.
[2009/02/20, 17:25:32] Inverted Index 생성 시작..
[2009/02/20, 17:25:32] Inverted Index 생성 프로시저 완료.
[2009/02/20, 17:25:32] createIndex(): iif_confitem_add() 성공. 매핑 번호 1
[2009/02/20, 17:25:32] createIndex(): 저장된 인덱스가 올바른지 최종적으로 검사합니다.
[2009/02/20, 17:25:32] createIndex() : bbc 인덱스 생성이 정상적으로 완료되었습니다.
[2009/02/20, 17:25:32] bbc 이름의 인덱스를 1 번 위치에서 찾았습니다. 이를 바탕으로 구성합니다.
[2009/02/20, 17:25:32] 검색을 시작합니다. 질의문 - [sample276]
[2009/02/20, 17:25:32] searchString() : 형태소 분석 DB를 사용, 검색을 준비한다.
[2009/02/20, 17:25:33] 질의문 [sample276] 에 대한 검색 완료.
[2009/02/20, 17:25:33] bbc 이름의 인덱스를 1 번 위치에서 찾았습니다. 이를 바탕으로 구성합니다.
[2009/02/20, 17:25:33] 검색을 시작합니다. 질의문 - [최시중362 & sample363]
[2009/02/20, 17:25:33] searchString() : 형태소 분석 DB를 사용, 검색을 준비한다.
[2009/02/20, 17:25:35] 질의문 [최시중362 & sample363] 에 대한 검색 완료.
[2009/02/20, 17:29:08] initIndex(): 설정이 선택되지 않았습니다. 최초 구동 시점으로 간주하고 설정을 읽는 처리 작업만 완료합니다.
[2009/02/20, 17:29:08] createIndex(): Update 모드로 동작합니다.
[2009/02/20, 17:29:08] createIndex(): 기존 DB 발견, DB를 업데이트 하기전 이전 DB를 d:/nas/ibss/bbc/IDX_OLD로 복사본을 생성합니다.
[2009/02/20, 17:29:08] createIndex(): 기존 DB를 성공적으로 백업하였습니다.
[2009/02/20, 17:29:08] Indexing Term sort/merging Component Processed.
[2009/02/20, 17:29:08] Indexing Term Sort / Merging 완료 프로시저 시행 완료.
[2009/02/20, 17:29:08] Term List를 생성하기 시작한다.
[2009/02/20, 17:29:08] Term List를 생성완료.
[2009/02/20, 17:29:08] Inverted Index 생성 시작..
[2009/02/20, 17:29:08] Inverted Index 생성 프로시저 완료.
[2009/02/20, 17:29:08] createIndex(): iif_confitem_add() 성공. 매핑 번호 1
[2009/02/20, 17:29:08] createIndex(): 저장된 인덱스가 올바른지 최종적으로 검사합니다.
[2009/02/20, 17:29:08] createIndex() : bbc 인덱스 생성이 정상적으로 완료되었습니다.
[2009/02/20, 17:29:08] bbc 이름의 인덱스를 1 번 위치에서 찾았습니다. 이를 바탕으로 구성합니다.
[2009/02/20, 17:29:08] 검색을 시작합니다. 질의문 - [sample276]
[2009/02/20, 17:29:08] searchString() : 형태소 분석 DB를 사용, 검색을 준비한다.
[2009/02/20, 17:29:09] 질의문 [sample276] 에 대한 검색 완료.
[2009/02/20, 17:29:09] bbc 이름의 인덱스를 1 번 위치에서 찾았습니다. 이를 바탕으로 구성합니다.
[2009/02/20, 17:29:09] 검색을 시작합니다. 질의문 - [최시중362 & sample363]
[2009/02/20, 17:29:09] searchString() : 형태소 분석 DB를 사용, 검색을 준비한다.
[2009/02/20, 17:29:11] 질의문 [최시중362 & sample363] 에 대한 검색 완료.
[2009/02/20, 17:30:30] initIndex(): 설정이 선택되지 않았습니다. 최초 구동 시점으로 간주하고 설정을 읽는 처리 작업만 완료합니다.
[2009/02/20, 17:30:30] createIndex(): Update 모드로 동작합니다.
[2009/02/20, 17:30:30] createIndex(): 기존 DB 발견, DB를 업데이트 하기전 이전 DB를 d:/nas/ibss/bbc/IDX_OLD로 복사본을 생성합니다.
[2009/02/20, 17:30:30] createIndex(): 기존 DB를 성공적으로 백업하였습니다.
[2009/02/20, 17:30:30] Indexing Term sort/merging Component Processed.
[2009/02/20, 17:30:30] Indexing Term Sort / Merging 완료 프로시저 시행 완료.
[2009/02/20, 17:30:30] Term List를 생성하기 시작한다.
[2009/02/20, 17:30:30] Term List를 생성완료.
[2009/02/20, 17:30:30] Inverted Index 생성 시작..
[2009/02/20, 17:30:30] Inverted Index 생성 프로시저 완료.
[2009/02/20, 17:30:30] createIndex(): iif_confitem_add() 성공. 매핑 번호 1
[2009/02/20, 17:30:30] createIndex(): 저장된 인덱스가 올바른지 최종적으로 검사합니다.
[2009/02/20, 17:30:30] createIndex() : bbc 인덱스 생성이 정상적으로 완료되었습니다.
[2009/02/20, 17:31:23] initIndex(): 설정이 선택되지 않았습니다. 최초 구동 시점으로 간주하고 설정을 읽는 처리 작업만 완료합니다.
[2009/02/20, 17:31:23] createIndex(): Update 모드로 동작합니다.
[2009/02/20, 17:31:23] createIndex(): 기존 DB 발견, DB를 업데이트 하기전 이전 DB를 d:/nas/ibss/bbc/IDX_OLD로 복사본을 생성합니다.
[2009/02/20, 17:31:23] createIndex(): 기존 DB를 성공적으로 백업하였습니다.
[2009/02/20, 17:31:23] Indexing Term sort/merging Component Processed.
[2009/02/20, 17:31:23] Indexing Term Sort / Merging 완료 프로시저 시행 완료.
[2009/02/20, 17:31:23] Term List를 생성하기 시작한다.
[2009/02/20, 17:31:23] Term List를 생성완료.
[2009/02/20, 17:31:23] Inverted Index 생성 시작..
[2009/02/20, 17:31:23] Inverted Index 생성 프로시저 완료.
[2009/02/20, 17:31:23] createIndex(): iif_confitem_add() 성공. 매핑 번호 1
[2009/02/20, 17:31:23] createIndex(): 저장된 인덱스가 올바른지 최종적으로 검사합니다.
[2009/02/20, 17:31:23] createIndex() : bbc 인덱스 생성이 정상적으로 완료되었습니다.
[2009/02/20, 17:31:23] bbc 이름의 인덱스를 1 번 위치에서 찾았습니다. 이를 바탕으로 구성합니다.
[2009/02/20, 17:31:23] 검색을 시작합니다. 질의문 - [sample276]
[2009/02/20, 17:31:23] searchString() : 형태소 분석 DB를 사용, 검색을 준비한다.
[2009/02/20, 17:31:24] 질의문 [sample276] 에 대한 검색 완료.
[2009/02/20, 17:31:24] bbc 이름의 인덱스를 1 번 위치에서 찾았습니다. 이를 바탕으로 구성합니다.
[2009/02/20, 17:31:24] 검색을 시작합니다. 질의문 - [최시중362 & sample363]
[2009/02/20, 17:31:24] searchString() : 형태소 분석 DB를 사용, 검색을 준비한다.
[2009/02/20, 17:31:26] 질의문 [최시중362 & sample363] 에 대한 검색 완료.
[2009/02/20, 17:32:27] initIndex(): 설정이 선택되지 않았습니다. 최초 구동 시점으로 간주하고 설정을 읽는 처리 작업만 완료합니다.
[2009/02/20, 17:32:27] createIndex(): Update 모드로 동작합니다.
[2009/02/20, 17:32:27] createIndex(): 기존 DB 발견, DB를 업데이트 하기전 이전 DB를 d:/nas/ibss/bbc/IDX_OLD로 복사본을 생성합니다.
[2009/02/20, 17:32:27] createIndex(): 기존 DB를 성공적으로 백업하였습니다.
[2009/02/20, 17:32:27] Indexing Term sort/merging Component Processed.
[2009/02/20, 17:32:27] Indexing Term Sort / Merging 완료 프로시저 시행 완료.
[2009/02/20, 17:32:27] Term List를 생성하기 시작한다.
[2009/02/20, 17:32:27] Term List를 생성완료.
[2009/02/20, 17:32:27] Inverted Index 생성 시작..
[2009/02/20, 17:32:27] Inverted Index 생성 프로시저 완료.
[2009/02/20, 17:32:27] createIndex(): iif_confitem_add() 성공. 매핑 번호 1
[2009/02/20, 17:32:27] createIndex(): 저장된 인덱스가 올바른지 최종적으로 검사합니다.
[2009/02/20, 17:32:27] createIndex() : bbc 인덱스 생성이 정상적으로 완료되었습니다.
[2009/02/20, 17:32:27] bbc 이름의 인덱스를 1 번 위치에서 찾았습니다. 이를 바탕으로 구성합니다.
[2009/02/20, 17:32:27] 검색을 시작합니다. 질의문 - [sample276]
[2009/02/20, 17:32:27] searchString() : 형태소 분석 DB를 사용, 검색을 준비한다.
[2009/02/20, 17:32:28] 질의문 [sample276] 에 대한 검색 완료.
[2009/02/20, 17:32:28] bbc 이름의 인덱스를 1 번 위치에서 찾았습니다. 이를 바탕으로 구성합니다.
[2009/02/20, 17:32:28] 검색을 시작합니다. 질의문 - [최시중362 & sample363]
[2009/02/20, 17:32:28] searchString() : 형태소 분석 DB를 사용, 검색을 준비한다.
[2009/02/20, 17:32:30] 질의문 [최시중362 & sample363] 에 대한 검색 완료.
[2009/02/20, 17:32:40] initIndex(): 설정이 선택되지 않았습니다. 최초 구동 시점으로 간주하고 설정을 읽는 처리 작업만 완료합니다.
[2009/02/20, 17:32:40] createIndex(): Update 모드로 동작합니다.
[2009/02/20, 17:32:40] createIndex(): 기존 DB 발견, DB를 업데이트 하기전 이전 DB를 d:/nas/ibss/bbc/IDX_OLD로 복사본을 생성합니다.
[2009/02/20, 17:32:40] createIndex(): 기존 DB를 성공적으로 백업하였습니다.
[2009/02/20, 17:32:40] Indexing Term sort/merging Component Processed.
[2009/02/20, 17:32:40] Indexing Term Sort / Merging 완료 프로시저 시행 완료.
[2009/02/20, 17:32:40] Term List를 생성하기 시작한다.
[2009/02/20, 17:32:40] Term List를 생성완료.
[2009/02/20, 17:32:40] Inverted Index 생성 시작..
[2009/02/20, 17:32:40] Inverted Index 생성 프로시저 완료.
[2009/02/20, 17:32:40] createIndex(): iif_confitem_add() 성공. 매핑 번호 1
[2009/02/20, 17:32:40] createIndex(): 저장된 인덱스가 올바른지 최종적으로 검사합니다.
[2009/02/20, 17:32:40] createIndex() : bbc 인덱스 생성이 정상적으로 완료되었습니다.
[2009/02/20, 17:32:40] bbc 이름의 인덱스를 1 번 위치에서 찾았습니다. 이를 바탕으로 구성합니다.
[2009/02/20, 17:32:40] 검색을 시작합니다. 질의문 - [sample276]
[2009/02/20, 17:32:40] searchString() : 형태소 분석 DB를 사용, 검색을 준비한다.
[2009/02/20, 17:32:41] 질의문 [sample276] 에 대한 검색 완료.
[2009/02/20, 17:32:41] bbc 이름의 인덱스를 1 번 위치에서 찾았습니다. 이를 바탕으로 구성합니다.
[2009/02/20, 17:32:41] 검색을 시작합니다. 질의문 - [최시중362 & sample363]
[2009/02/20, 17:32:41] searchString() : 형태소 분석 DB를 사용, 검색을 준비한다.
[2009/02/20, 17:32:43] 질의문 [최시중362 & sample363] 에 대한 검색 완료.
[2009/02/20, 17:33:23] initIndex(): 설정이 선택되지 않았습니다. 최초 구동 시점으로 간주하고 설정을 읽는 처리 작업만 완료합니다.
[2009/02/20, 17:33:23] createIndex(): Update 모드로 동작합니다.
[2009/02/20, 17:33:23] createIndex(): 기존 DB 발견, DB를 업데이트 하기전 이전 DB를 d:/nas/ibss/bbc/IDX_OLD로 복사본을 생성합니다.
[2009/02/20, 17:33:23] createIndex(): 기존 DB를 성공적으로 백업하였습니다.
[2009/02/20, 17:33:23] Indexing Term sort/merging Component Processed.
[2009/02/20, 17:33:23] Indexing Term Sort / Merging 완료 프로시저 시행 완료.
[2009/02/20, 17:33:23] Term List를 생성하기 시작한다.
[2009/02/20, 17:33:23] Term List를 생성완료.
[2009/02/20, 17:33:23] Inverted Index 생성 시작..
[2009/02/20, 17:33:23] Inverted Index 생성 프로시저 완료.
[2009/02/20, 17:33:23] createIndex(): iif_confitem_add() 성공. 매핑 번호 1
[2009/02/20, 17:33:23] createIndex(): 저장된 인덱스가 올바른지 최종적으로 검사합니다.
[2009/02/20, 17:33:23] createIndex() : bbc 인덱스 생성이 정상적으로 완료되었습니다.
[2009/02/20, 17:33:23] bbc 이름의 인덱스를 1 번 위치에서 찾았습니다. 이를 바탕으로 구성합니다.
[2009/02/20, 17:33:23] 검색을 시작합니다. 질의문 - [sample276]
[2009/02/20, 17:33:23] searchString() : 형태소 분석 DB를 사용, 검색을 준비한다.
[2009/02/20, 17:33:24] 질의문 [sample276] 에 대한 검색 완료.
[2009/02/20, 17:33:24] bbc 이름의 인덱스를 1 번 위치에서 찾았습니다. 이를 바탕으로 구성합니다.
[2009/02/20, 17:33:24] 검색을 시작합니다. 질의문 - [최시중362 & sample363]
[2009/02/20, 17:33:24] searchString() : 형태소 분석 DB를 사용, 검색을 준비한다.
[2009/02/20, 17:33:26] 질의문 [최시중362 & sample363] 에 대한 검색 완료.
[2009/02/20, 17:33:29] initIndex(): 설정이 선택되지 않았습니다. 최초 구동 시점으로 간주하고 설정을 읽는 처리 작업만 완료합니다.
[2009/02/20, 17:33:29] createIndex(): Update 모드로 동작합니다.
[2009/02/20, 17:33:29] createIndex(): 기존 DB 발견, DB를 업데이트 하기전 이전 DB를 d:/nas/ibss/bbc/IDX_OLD로 복사본을 생성합니다.
[2009/02/20, 17:33:29] createIndex(): 기존 DB를 성공적으로 백업하였습니다.
[2009/02/20, 17:33:29] Indexing Term sort/merging Component Processed.
[2009/02/20, 17:33:29] Indexing Term Sort / Merging 완료 프로시저 시행 완료.
[2009/02/20, 17:33:29] Term List를 생성하기 시작한다.
[2009/02/20, 17:33:29] Term List를 생성완료.
[2009/02/20, 17:33:29] Inverted Index 생성 시작..
[2009/02/20, 17:33:29] Inverted Index 생성 프로시저 완료.
[2009/02/20, 17:33:29] createIndex(): iif_confitem_add() 성공. 매핑 번호 1
[2009/02/20, 17:33:29] createIndex(): 저장된 인덱스가 올바른지 최종적으로 검사합니다.
[2009/02/20, 17:33:29] createIndex() : bbc 인덱스 생성이 정상적으로 완료되었습니다.
[2009/02/20, 17:33:29] bbc 이름의 인덱스를 1 번 위치에서 찾았습니다. 이를 바탕으로 구성합니다.
[2009/02/20, 17:33:29] 검색을 시작합니다. 질의문 - [sample276]
[2009/02/20, 17:33:29] searchString() : 형태소 분석 DB를 사용, 검색을 준비한다.
[2009/02/20, 17:33:30] 질의문 [sample276] 에 대한 검색 완료.
[2009/02/20, 17:33:30] bbc 이름의 인덱스를 1 번 위치에서 찾았습니다. 이를 바탕으로 구성합니다.
[2009/02/20, 17:33:30] 검색을 시작합니다. 질의문 - [최시중362 & sample363]
[2009/02/20, 17:33:30] searchString() : 형태소 분석 DB를 사용, 검색을 준비한다.
[2009/02/20, 17:33:32] 질의문 [최시중362 & sample363] 에 대한 검색 완료.
[2009/02/20, 17:33:38] initIndex(): 설정이 선택되지 않았습니다. 최초 구동 시점으로 간주하고 설정을 읽는 처리 작업만 완료합니다.
[2009/02/20, 17:33:38] createIndex(): Update 모드로 동작합니다.
[2009/02/20, 17:33:38] createIndex(): 기존 DB 발견, DB를 업데이트 하기전 이전 DB를 d:/nas/ibss/bbc/IDX_OLD로 복사본을 생성합니다.
[2009/02/20, 17:33:38] createIndex(): 기존 DB를 성공적으로 백업하였습니다.
[2009/02/20, 17:33:38] Indexing Term sort/merging Component Processed.
[2009/02/20, 17:33:38] Indexing Term Sort / Merging 완료 프로시저 시행 완료.
[2009/02/20, 17:33:38] Term List를 생성하기 시작한다.
[2009/02/20, 17:33:38] Term List를 생성완료.
[2009/02/20, 17:33:38] Inverted Index 생성 시작..
[2009/02/20, 17:33:38] Inverted Index 생성 프로시저 완료.
[2009/02/20, 17:33:38] createIndex(): iif_confitem_add() 성공. 매핑 번호 1
[2009/02/20, 17:33:38] createIndex(): 저장된 인덱스가 올바른지 최종적으로 검사합니다.
[2009/02/20, 17:33:38] createIndex() : bbc 인덱스 생성이 정상적으로 완료되었습니다.
[2009/02/20, 17:33:38] bbc 이름의 인덱스를 1 번 위치에서 찾았습니다. 이를 바탕으로 구성합니다.
[2009/02/20, 17:33:38] 검색을 시작합니다. 질의문 - [sample276]
[2009/02/20, 17:33:38] searchString() : 형태소 분석 DB를 사용, 검색을 준비한다.
[2009/02/20, 17:33:39] 질의문 [sample276] 에 대한 검색 완료.
[2009/02/20, 17:33:39] bbc 이름의 인덱스를 1 번 위치에서 찾았습니다. 이를 바탕으로 구성합니다.
[2009/02/20, 17:33:39] 검색을 시작합니다. 질의문 - [최시중362 & sample363]
[2009/02/20, 17:33:39] searchString() : 형태소 분석 DB를 사용, 검색을 준비한다.
[2009/02/20, 17:33:41] 질의문 [최시중362 & sample363] 에 대한 검색 완료.
[2009/02/20, 17:34:25] initIndex(): 설정이 선택되지 않았습니다. 최초 구동 시점으로 간주하고 설정을 읽는 처리 작업만 완료합니다.
[2009/02/20, 17:34:25] createIndex(): Update 모드로 동작합니다.
[2009/02/20, 17:34:25] createIndex(): 기존 DB 발견, DB를 업데이트 하기전 이전 DB를 d:/nas/ibss/bbc/IDX_OLD로 복사본을 생성합니다.
[2009/02/20, 17:34:25] createIndex(): 기존 DB를 성공적으로 백업하였습니다.
[2009/02/20, 17:34:25] Indexing Term sort/merging Component Processed.
[2009/02/20, 17:34:25] Indexing Term Sort / Merging 완료 프로시저 시행 완료.
[2009/02/20, 17:34:25] Term List를 생성하기 시작한다.
[2009/02/20, 17:34:25] Term List를 생성완료.
[2009/02/20, 17:34:25] Inverted Index 생성 시작..
[2009/02/20, 17:34:25] Inverted Index 생성 프로시저 완료.
[2009/02/20, 17:34:25] createIndex(): iif_confitem_add() 성공. 매핑 번호 1
[2009/02/20, 17:34:25] createIndex(): 저장된 인덱스가 올바른지 최종적으로 검사합니다.
[2009/02/20, 17:34:25] createIndex() : bbc 인덱스 생성이 정상적으로 완료되었습니다.
[2009/02/20, 17:35:27] initIndex(): 설정이 선택되지 않았습니다. 최초 구동 시점으로 간주하고 설정을 읽는 처리 작업만 완료합니다.
[2009/02/20, 17:35:27] createIndex(): Update 모드로 동작합니다.
[2009/02/20, 17:35:27] createIndex(): 기존 DB 발견, DB를 업데이트 하기전 이전 DB를 d:/nas/ibss/bbc/IDX_OLD로 복사본을 생성합니다.
[2009/02/20, 17:35:27] createIndex(): 기존 DB를 성공적으로 백업하였습니다.
[2009/02/20, 17:35:27] Indexing Term sort/merging Component Processed.
[2009/02/20, 17:35:27] Indexing Term Sort / Merging 완료 프로시저 시행 완료.
[2009/02/20, 17:35:27] Term List를 생성하기 시작한다.
[2009/02/20, 17:35:27] Term List를 생성완료.
[2009/02/20, 17:35:27] Inverted Index 생성 시작..
[2009/02/20, 17:35:27] Inverted Index 생성 프로시저 완료.
[2009/02/20, 17:35:27] createIndex(): iif_confitem_add() 성공. 매핑 번호 1
[2009/02/20, 17:35:27] createIndex(): 저장된 인덱스가 올바른지 최종적으로 검사합니다.
[2009/02/20, 17:35:27] createIndex() : bbc 인덱스 생성이 정상적으로 완료되었습니다.
[2009/02/20, 17:35:29] initIndex(): 설정이 선택되지 않았습니다. 최초 구동 시점으로 간주하고 설정을 읽는 처리 작업만 완료합니다.
[2009/02/20, 17:35:29] createIndex(): Update 모드로 동작합니다.
[2009/02/20, 17:35:29] createIndex(): 기존 DB 발견, DB를 업데이트 하기전 이전 DB를 d:/nas/ibss/bbc/IDX_OLD로 복사본을 생성합니다.
[2009/02/20, 17:35:30] createIndex(): 기존 DB를 성공적으로 백업하였습니다.
[2009/02/20, 17:35:30] Indexing Term sort/merging Component Processed.
[2009/02/20, 17:35:30] Indexing Term Sort / Merging 완료 프로시저 시행 완료.
[2009/02/20, 17:35:30] Term List를 생성하기 시작한다.
[2009/02/20, 17:35:30] Term List를 생성완료.
[2009/02/20, 17:35:30] Inverted Index 생성 시작..
[2009/02/20, 17:35:30] Inverted Index 생성 프로시저 완료.
[2009/02/20, 17:35:30] createIndex(): iif_confitem_add() 성공. 매핑 번호 1
[2009/02/20, 17:35:30] createIndex(): 저장된 인덱스가 올바른지 최종적으로 검사합니다.
[2009/02/20, 17:35:30] createIndex() : bbc 인덱스 생성이 정상적으로 완료되었습니다.
[2009/02/20, 17:35:30] initIndex(): 설정이 선택되지 않았습니다. 최초 구동 시점으로 간주하고 설정을 읽는 처리 작업만 완료합니다.
[2009/02/20, 17:35:30] createIndex(): Update 모드로 동작합니다.
[2009/02/20, 17:35:30] createIndex(): 기존 DB 발견, DB를 업데이트 하기전 이전 DB를 d:/nas/ibss/bbc/IDX_OLD로 복사본을 생성합니다.
[2009/02/20, 17:35:30] createIndex(): 기존 DB를 성공적으로 백업하였습니다.
[2009/02/20, 17:35:30] Indexing Term sort/merging Component Processed.
[2009/02/20, 17:35:30] Indexing Term Sort / Merging 완료 프로시저 시행 완료.
[2009/02/20, 17:35:30] Term List를 생성하기 시작한다.
[2009/02/20, 17:35:30] Term List를 생성완료.
[2009/02/20, 17:35:30] Inverted Index 생성 시작..
[2009/02/20, 17:35:30] Inverted Index 생성 프로시저 완료.
[2009/02/20, 17:35:30] createIndex(): iif_confitem_add() 성공. 매핑 번호 1
[2009/02/20, 17:35:30] createIndex(): 저장된 인덱스가 올바른지 최종적으로 검사합니다.
[2009/02/20, 17:35:30] createIndex() : bbc 인덱스 생성이 정상적으로 완료되었습니다.
[2009/02/20, 17:35:31] initIndex(): 설정이 선택되지 않았습니다. 최초 구동 시점으로 간주하고 설정을 읽는 처리 작업만 완료합니다.
[2009/02/20, 17:35:31] createIndex(): Update 모드로 동작합니다.
[2009/02/20, 17:35:31] createIndex(): 기존 DB 발견, DB를 업데이트 하기전 이전 DB를 d:/nas/ibss/bbc/IDX_OLD로 복사본을 생성합니다.
[2009/02/20, 17:35:31] createIndex(): 기존 DB를 성공적으로 백업하였습니다.
[2009/02/20, 17:35:31] Indexing Term sort/merging Component Processed.
[2009/02/20, 17:35:31] Indexing Term Sort / Merging 완료 프로시저 시행 완료.
[2009/02/20, 17:35:31] Term List를 생성하기 시작한다.
[2009/02/20, 17:35:31] Term List를 생성완료.
[2009/02/20, 17:35:31] Inverted Index 생성 시작..
[2009/02/20, 17:35:31] Inverted Index 생성 프로시저 완료.
[2009/02/20, 17:35:31] createIndex(): iif_confitem_add() 성공. 매핑 번호 1
[2009/02/20, 17:35:31] createIndex(): 저장된 인덱스가 올바른지 최종적으로 검사합니다.
[2009/02/20, 17:35:31] createIndex() : bbc 인덱스 생성이 정상적으로 완료되었습니다.
[2009/02/20, 17:35:32] initIndex(): 설정이 선택되지 않았습니다. 최초 구동 시점으로 간주하고 설정을 읽는 처리 작업만 완료합니다.
[2009/02/20, 17:35:32] createIndex(): Update 모드로 동작합니다.
[2009/02/20, 17:35:32] createIndex(): 기존 DB 발견, DB를 업데이트 하기전 이전 DB를 d:/nas/ibss/bbc/IDX_OLD로 복사본을 생성합니다.
[2009/02/20, 17:35:32] createIndex(): 기존 DB를 성공적으로 백업하였습니다.
[2009/02/20, 17:35:32] Indexing Term sort/merging Component Processed.
[2009/02/20, 17:35:32] Indexing Term Sort / Merging 완료 프로시저 시행 완료.
[2009/02/20, 17:35:32] Term List를 생성하기 시작한다.
[2009/02/20, 17:35:32] Term List를 생성완료.
[2009/02/20, 17:35:32] Inverted Index 생성 시작..
[2009/02/20, 17:35:32] Inverted Index 생성 프로시저 완료.
[2009/02/20, 17:35:32] createIndex(): iif_confitem_add() 성공. 매핑 번호 1
[2009/02/20, 17:35:32] createIndex(): 저장된 인덱스가 올바른지 최종적으로 검사합니다.
[2009/02/20, 17:35:32] createIndex() : bbc 인덱스 생성이 정상적으로 완료되었습니다.
[2009/02/20, 17:35:33] initIndex(): 설정이 선택되지 않았습니다. 최초 구동 시점으로 간주하고 설정을 읽는 처리 작업만 완료합니다.
[2009/02/20, 17:35:33] createIndex(): Update 모드로 동작합니다.
[2009/02/20, 17:35:33] createIndex(): 기존 DB 발견, DB를 업데이트 하기전 이전 DB를 d:/nas/ibss/bbc/IDX_OLD로 복사본을 생성합니다.
[2009/02/20, 17:35:33] createIndex(): 기존 DB를 성공적으로 백업하였습니다.
[2009/02/20, 17:35:33] Indexing Term sort/merging Component Processed.
[2009/02/20, 17:35:33] Indexing Term Sort / Merging 완료 프로시저 시행 완료.
[2009/02/20, 17:35:33] Term List를 생성하기 시작한다.
[2009/02/20, 17:35:33] Term List를 생성완료.
[2009/02/20, 17:35:33] Inverted Index 생성 시작..
[2009/02/20, 17:35:34] Inverted Index 생성 프로시저 완료.
[2009/02/20, 17:35:34] createIndex(): iif_confitem_add() 성공. 매핑 번호 1
[2009/02/20, 17:35:34] createIndex(): 저장된 인덱스가 올바른지 최종적으로 검사합니다.
[2009/02/20, 17:35:34] createIndex() : bbc 인덱스 생성이 정상적으로 완료되었습니다.
[2009/02/20, 17:35:34] initIndex(): 설정이 선택되지 않았습니다. 최초 구동 시점으로 간주하고 설정을 읽는 처리 작업만 완료합니다.
[2009/02/20, 17:35:34] createIndex(): Update 모드로 동작합니다.
[2009/02/20, 17:35:34] createIndex(): 기존 DB 발견, DB를 업데이트 하기전 이전 DB를 d:/nas/ibss/bbc/IDX_OLD로 복사본을 생성합니다.
[2009/02/20, 17:35:34] createIndex(): 기존 DB를 성공적으로 백업하였습니다.
[2009/02/20, 17:35:34] Indexing Term sort/merging Component Processed.
[2009/02/20, 17:35:34] Indexing Term Sort / Merging 완료 프로시저 시행 완료.
[2009/02/20, 17:35:34] Term List를 생성하기 시작한다.
[2009/02/20, 17:35:34] Term List를 생성완료.
[2009/02/20, 17:35:34] Inverted Index 생성 시작..
[2009/02/20, 17:35:34] Inverted Index 생성 프로시저 완료.
[2009/02/20, 17:35:34] createIndex(): iif_confitem_add() 성공. 매핑 번호 1
[2009/02/20, 17:35:34] createIndex(): 저장된 인덱스가 올바른지 최종적으로 검사합니다.
[2009/02/20, 17:35:34] createIndex() : bbc 인덱스 생성이 정상적으로 완료되었습니다.
[2009/02/20, 17:35:35] initIndex(): 설정이 선택되지 않았습니다. 최초 구동 시점으로 간주하고 설정을 읽는 처리 작업만 완료합니다.
[2009/02/20, 17:35:35] createIndex(): Update 모드로 동작합니다.
[2009/02/20, 17:35:35] createIndex(): 기존 DB 발견, DB를 업데이트 하기전 이전 DB를 d:/nas/ibss/bbc/IDX_OLD로 복사본을 생성합니다.
[2009/02/20, 17:35:35] createIndex(): 기존 DB를 성공적으로 백업하였습니다.
[2009/02/20, 17:35:35] Indexing Term sort/merging Component Processed.
[2009/02/20, 17:35:35] Indexing Term Sort / Merging 완료 프로시저 시행 완료.
[2009/02/20, 17:35:35] Term List를 생성하기 시작한다.
[2009/02/20, 17:35:35] Term List를 생성완료.
[2009/02/20, 17:35:35] Inverted Index 생성 시작..
[2009/02/20, 17:35:35] Inverted Index 생성 프로시저 완료.
[2009/02/20, 17:35:35] createIndex(): iif_confitem_add() 성공. 매핑 번호 1
[2009/02/20, 17:35:35] createIndex(): 저장된 인덱스가 올바른지 최종적으로 검사합니다.
[2009/02/20, 17:35:35] createIndex() : bbc 인덱스 생성이 정상적으로 완료되었습니다.
[2009/02/20, 17:35:36] initIndex(): 설정이 선택되지 않았습니다. 최초 구동 시점으로 간주하고 설정을 읽는 처리 작업만 완료합니다.
[2009/02/20, 17:35:36] createIndex(): Update 모드로 동작합니다.
[2009/02/20, 17:35:36] createIndex(): 기존 DB 발견, DB를 업데이트 하기전 이전 DB를 d:/nas/ibss/bbc/IDX_OLD로 복사본을 생성합니다.
[2009/02/20, 17:35:36] createIndex(): 기존 DB를 성공적으로 백업하였습니다.
[2009/02/20, 17:35:36] Indexing Term sort/merging Component Processed.
[2009/02/20, 17:35:36] Indexing Term Sort / Merging 완료 프로시저 시행 완료.
[2009/02/20, 17:35:36] Term List를 생성하기 시작한다.
[2009/02/20, 17:35:36] Term List를 생성완료.
[2009/02/20, 17:35:36] Inverted Index 생성 시작..
[2009/02/20, 17:35:36] Inverted Index 생성 프로시저 완료.
[2009/02/20, 17:35:36] createIndex(): iif_confitem_add() 성공. 매핑 번호 1
[2009/02/20, 17:35:36] createIndex(): 저장된 인덱스가 올바른지 최종적으로 검사합니다.
[2009/02/20, 17:35:36] createIndex() : bbc 인덱스 생성이 정상적으로 완료되었습니다.
[2009/02/20, 17:35:36] initIndex(): 설정이 선택되지 않았습니다. 최초 구동 시점으로 간주하고 설정을 읽는 처리 작업만 완료합니다.
[2009/02/20, 17:35:36] createIndex(): Update 모드로 동작합니다.
[2009/02/20, 17:35:36] createIndex(): 기존 DB 발견, DB를 업데이트 하기전 이전 DB를 d:/nas/ibss/bbc/IDX_OLD로 복사본을 생성합니다.
[2009/02/20, 17:35:36] createIndex(): 기존 DB를 성공적으로 백업하였습니다.
[2009/02/20, 17:35:36] Indexing Term sort/merging Component Processed.
[2009/02/20, 17:35:36] Indexing Term Sort / Merging 완료 프로시저 시행 완료.
[2009/02/20, 17:35:36] Term List를 생성하기 시작한다.
[2009/02/20, 17:35:36] Term List를 생성완료.
[2009/02/20, 17:35:36] Inverted Index 생성 시작..
[2009/02/20, 17:35:36] Inverted Index 생성 프로시저 완료.
[2009/02/20, 17:35:36] createIndex(): iif_confitem_add() 성공. 매핑 번호 1
[2009/02/20, 17:35:36] createIndex(): 저장된 인덱스가 올바른지 최종적으로 검사합니다.
[2009/02/20, 17:35:36] createIndex() : bbc 인덱스 생성이 정상적으로 완료되었습니다.
[2009/02/20, 17:35:37] initIndex(): 설정이 선택되지 않았습니다. 최초 구동 시점으로 간주하고 설정을 읽는 처리 작업만 완료합니다.
[2009/02/20, 17:35:37] createIndex(): Update 모드로 동작합니다.
[2009/02/20, 17:35:37] createIndex(): 기존 DB 발견, DB를 업데이트 하기전 이전 DB를 d:/nas/ibss/bbc/IDX_OLD로 복사본을 생성합니다.
[2009/02/20, 17:35:37] createIndex(): 기존 DB를 성공적으로 백업하였습니다.
[2009/02/20, 17:35:37] Indexing Term sort/merging Component Processed.
[2009/02/20, 17:35:37] Indexing Term Sort / Merging 완료 프로시저 시행 완료.
[2009/02/20, 17:35:37] Term List를 생성하기 시작한다.
[2009/02/20, 17:35:37] Term List를 생성완료.
[2009/02/20, 17:35:37] Inverted Index 생성 시작..
[2009/02/20, 17:35:37] Inverted Index 생성 프로시저 완료.
[2009/02/20, 17:35:37] createIndex(): iif_confitem_add() 성공. 매핑 번호 1
[2009/02/20, 17:35:37] createIndex(): 저장된 인덱스가 올바른지 최종적으로 검사합니다.
[2009/02/20, 17:35:37] createIndex() : bbc 인덱스 생성이 정상적으로 완료되었습니다.
[2009/02/20, 17:35:37] initIndex(): 설정이 선택되지 않았습니다. 최초 구동 시점으로 간주하고 설정을 읽는 처리 작업만 완료합니다.
[2009/02/20, 17:35:37] createIndex(): Update 모드로 동작합니다.
[2009/02/20, 17:35:37] createIndex(): 기존 DB 발견, DB를 업데이트 하기전 이전 DB를 d:/nas/ibss/bbc/IDX_OLD로 복사본을 생성합니다.
[2009/02/20, 17:35:37] createIndex(): 기존 DB를 성공적으로 백업하였습니다.
[2009/02/20, 17:35:37] Indexing Term sort/merging Component Processed.
[2009/02/20, 17:35:37] Indexing Term Sort / Merging 완료 프로시저 시행 완료.
[2009/02/20, 17:35:37] Term List를 생성하기 시작한다.
[2009/02/20, 17:35:37] Term List를 생성완료.
[2009/02/20, 17:35:37] Inverted Index 생성 시작..
[2009/02/20, 17:35:37] Inverted Index 생성 프로시저 완료.
[2009/02/20, 17:35:37] createIndex(): iif_confitem_add() 성공. 매핑 번호 1
[2009/02/20, 17:35:37] createIndex(): 저장된 인덱스가 올바른지 최종적으로 검사합니다.
[2009/02/20, 17:35:37] createIndex() : bbc 인덱스 생성이 정상적으로 완료되었습니다.
[2009/02/20, 17:35:38] initIndex(): 설정이 선택되지 않았습니다. 최초 구동 시점으로 간주하고 설정을 읽는 처리 작업만 완료합니다.
[2009/02/20, 17:35:38] createIndex(): Update 모드로 동작합니다.
[2009/02/20, 17:35:38] createIndex(): 기존 DB 발견, DB를 업데이트 하기전 이전 DB를 d:/nas/ibss/bbc/IDX_OLD로 복사본을 생성합니다.
[2009/02/20, 17:35:38] createIndex(): 기존 DB를 성공적으로 백업하였습니다.
[2009/02/20, 17:35:38] Indexing Term sort/merging Component Processed.
[2009/02/20, 17:35:38] Indexing Term Sort / Merging 완료 프로시저 시행 완료.
[2009/02/20, 17:35:38] Term List를 생성하기 시작한다.
[2009/02/20, 17:35:38] Term List를 생성완료.
[2009/02/20, 17:35:38] Inverted Index 생성 시작..
[2009/02/20, 17:35:38] Inverted Index 생성 프로시저 완료.
[2009/02/20, 17:35:38] createIndex(): iif_confitem_add() 성공. 매핑 번호 1
[2009/02/20, 17:35:38] createIndex(): 저장된 인덱스가 올바른지 최종적으로 검사합니다.
[2009/02/20, 17:35:38] createIndex() : bbc 인덱스 생성이 정상적으로 완료되었습니다.
[2009/02/20, 17:35:41] initIndex(): 설정이 선택되지 않았습니다. 최초 구동 시점으로 간주하고 설정을 읽는 처리 작업만 완료합니다.
[2009/02/20, 17:35:41] createIndex(): Update 모드로 동작합니다.
[2009/02/20, 17:35:41] createIndex(): 기존 DB 발견, DB를 업데이트 하기전 이전 DB를 d:/nas/ibss/bbc/IDX_OLD로 복사본을 생성합니다.
[2009/02/20, 17:35:41] createIndex(): 기존 DB를 성공적으로 백업하였습니다.
[2009/02/20, 17:35:41] Indexing Term sort/merging Component Processed.
[2009/02/20, 17:35:41] Indexing Term Sort / Merging 완료 프로시저 시행 완료.
[2009/02/20, 17:35:41] Term List를 생성하기 시작한다.
[2009/02/20, 17:35:41] Term List를 생성완료.
[2009/02/20, 17:35:41] Inverted Index 생성 시작..
[2009/02/20, 17:35:41] Inverted Index 생성 프로시저 완료.
[2009/02/20, 17:35:41] createIndex(): iif_confitem_add() 성공. 매핑 번호 1
[2009/02/20, 17:35:41] createIndex(): 저장된 인덱스가 올바른지 최종적으로 검사합니다.
[2009/02/20, 17:35:42] createIndex() : bbc 인덱스 생성이 정상적으로 완료되었습니다.
[2009/02/20, 17:35:42] initIndex(): 설정이 선택되지 않았습니다. 최초 구동 시점으로 간주하고 설정을 읽는 처리 작업만 완료합니다.
[2009/02/20, 17:35:42] createIndex(): Update 모드로 동작합니다.
[2009/02/20, 17:35:42] createIndex(): 기존 DB 발견, DB를 업데이트 하기전 이전 DB를 d:/nas/ibss/bbc/IDX_OLD로 복사본을 생성합니다.
[2009/02/20, 17:35:42] createIndex(): 기존 DB를 성공적으로 백업하였습니다.
[2009/02/20, 17:35:42] Indexing Term sort/merging Component Processed.
[2009/02/20, 17:35:42] Indexing Term Sort / Merging 완료 프로시저 시행 완료.
[2009/02/20, 17:35:42] Term List를 생성하기 시작한다.
[2009/02/20, 17:35:42] Term List를 생성완료.
[2009/02/20, 17:35:42] Inverted Index 생성 시작..
[2009/02/20, 17:35:43] Inverted Index 생성 프로시저 완료.
[2009/02/20, 17:35:43] createIndex(): iif_confitem_add() 성공. 매핑 번호 1
[2009/02/20, 17:35:43] createIndex(): 저장된 인덱스가 올바른지 최종적으로 검사합니다.
[2009/02/20, 17:35:43] createIndex() : bbc 인덱스 생성이 정상적으로 완료되었습니다.
[2009/02/20, 17:35:43] initIndex(): 설정이 선택되지 않았습니다. 최초 구동 시점으로 간주하고 설정을 읽는 처리 작업만 완료합니다.
[2009/02/20, 17:35:43] createIndex(): Update 모드로 동작합니다.
[2009/02/20, 17:35:43] createIndex(): 기존 DB 발견, DB를 업데이트 하기전 이전 DB를 d:/nas/ibss/bbc/IDX_OLD로 복사본을 생성합니다.
[2009/02/20, 17:35:43] createIndex(): 기존 DB를 성공적으로 백업하였습니다.
[2009/02/20, 17:35:43] Indexing Term sort/merging Component Processed.
[2009/02/20, 17:35:43] Indexing Term Sort / Merging 완료 프로시저 시행 완료.
[2009/02/20, 17:35:43] Term List를 생성하기 시작한다.
[2009/02/20, 17:35:43] Term List를 생성완료.
[2009/02/20, 17:35:43] Inverted Index 생성 시작..
[2009/02/20, 17:35:43] Inverted Index 생성 프로시저 완료.
[2009/02/20, 17:35:43] createIndex(): iif_confitem_add() 성공. 매핑 번호 1
[2009/02/20, 17:35:43] createIndex(): 저장된 인덱스가 올바른지 최종적으로 검사합니다.
[2009/02/20, 17:35:43] createIndex() : bbc 인덱스 생성이 정상적으로 완료되었습니다.
[2009/02/20, 17:35:44] initIndex(): 설정이 선택되지 않았습니다. 최초 구동 시점으로 간주하고 설정을 읽는 처리 작업만 완료합니다.
[2009/02/20, 17:35:44] createIndex(): Update 모드로 동작합니다.
[2009/02/20, 17:35:44] createIndex(): 기존 DB 발견, DB를 업데이트 하기전 이전 DB를 d:/nas/ibss/bbc/IDX_OLD로 복사본을 생성합니다.
[2009/02/20, 17:35:44] createIndex(): 기존 DB를 성공적으로 백업하였습니다.
[2009/02/20, 17:35:44] Indexing Term sort/merging Component Processed.
[2009/02/20, 17:35:44] Indexing Term Sort / Merging 완료 프로시저 시행 완료.
[2009/02/20, 17:35:44] Term List를 생성하기 시작한다.
[2009/02/20, 17:35:44] Term List를 생성완료.
[2009/02/20, 17:35:44] Inverted Index 생성 시작..
[2009/02/20, 17:35:44] Inverted Index 생성 프로시저 완료.
[2009/02/20, 17:35:44] createIndex(): iif_confitem_add() 성공. 매핑 번호 1
[2009/02/20, 17:35:44] createIndex(): 저장된 인덱스가 올바른지 최종적으로 검사합니다.
[2009/02/20, 17:35:44] createIndex() : bbc 인덱스 생성이 정상적으로 완료되었습니다.
[2009/02/20, 17:35:45] initIndex(): 설정이 선택되지 않았습니다. 최초 구동 시점으로 간주하고 설정을 읽는 처리 작업만 완료합니다.
[2009/02/20, 17:35:45] createIndex(): Update 모드로 동작합니다.
[2009/02/20, 17:35:45] createIndex(): 기존 DB 발견, DB를 업데이트 하기전 이전 DB를 d:/nas/ibss/bbc/IDX_OLD로 복사본을 생성합니다.
[2009/02/20, 17:35:45] createIndex(): 기존 DB를 성공적으로 백업하였습니다.
[2009/02/20, 17:35:45] Indexing Term sort/merging Component Processed.
[2009/02/20, 17:35:45] Indexing Term Sort / Merging 완료 프로시저 시행 완료.
[2009/02/20, 17:35:45] Term List를 생성하기 시작한다.
[2009/02/20, 17:35:45] Term List를 생성완료.
[2009/02/20, 17:35:45] Inverted Index 생성 시작..
[2009/02/20, 17:35:45] Inverted Index 생성 프로시저 완료.
[2009/02/20, 17:35:45] createIndex(): iif_confitem_add() 성공. 매핑 번호 1
[2009/02/20, 17:35:45] createIndex(): 저장된 인덱스가 올바른지 최종적으로 검사합니다.
[2009/02/20, 17:35:45] createIndex() : bbc 인덱스 생성이 정상적으로 완료되었습니다.
[2009/02/20, 17:36:36] initIndex(): 설정이 선택되지 않았습니다. 최초 구동 시점으로 간주하고 설정을 읽는 처리 작업만 완료합니다.
[2009/02/20, 17:36:36] createIndex(): Update 모드로 동작합니다.
[2009/02/20, 17:36:36] createIndex(): 기존 DB 발견, DB를 업데이트 하기전 이전 DB를 d:/nas/ibss/bbc/IDX_OLD로 복사본을 생성합니다.
[2009/02/20, 17:36:36] createIndex(): 기존 DB를 성공적으로 백업하였습니다.
[2009/02/20, 17:36:36] Indexing Term sort/merging Component Processed.
[2009/02/20, 17:36:36] Indexing Term Sort / Merging 완료 프로시저 시행 완료.
[2009/02/20, 17:36:36] Term List를 생성하기 시작한다.
[2009/02/20, 17:36:36] Term List를 생성완료.
[2009/02/20, 17:36:36] Inverted Index 생성 시작..
[2009/02/20, 17:36:37] Inverted Index 생성 프로시저 완료.
[2009/02/20, 17:36:37] createIndex(): iif_confitem_add() 성공. 매핑 번호 1
[2009/02/20, 17:36:37] createIndex(): 저장된 인덱스가 올바른지 최종적으로 검사합니다.
[2009/02/20, 17:36:37] createIndex() : bbc 인덱스 생성이 정상적으로 완료되었습니다.
[2009/02/20, 17:37:06] initIndex(): 설정이 선택되지 않았습니다. 최초 구동 시점으로 간주하고 설정을 읽는 처리 작업만 완료합니다.
[2009/02/20, 17:37:06] createIndex(): Update 모드로 동작합니다.
[2009/02/20, 17:37:06] createIndex(): 기존 DB 발견, DB를 업데이트 하기전 이전 DB를 d:/nas/ibss/bbc/IDX_OLD로 복사본을 생성합니다.
[2009/02/20, 17:37:06] createIndex(): 기존 DB를 성공적으로 백업하였습니다.
[2009/02/20, 17:37:06] Indexing Term sort/merging Component Processed.
[2009/02/20, 17:37:06] Indexing Term Sort / Merging 완료 프로시저 시행 완료.
[2009/02/20, 17:37:06] Term List를 생성하기 시작한다.
[2009/02/20, 17:37:06] Term List를 생성완료.
[2009/02/20, 17:37:06] Inverted Index 생성 시작..
[2009/02/20, 17:37:06] Inverted Index 생성 프로시저 완료.
[2009/02/20, 17:37:06] createIndex(): iif_confitem_add() 성공. 매핑 번호 1
[2009/02/20, 17:37:06] createIndex(): 저장된 인덱스가 올바른지 최종적으로 검사합니다.
[2009/02/20, 17:37:06] createIndex() : bbc 인덱스 생성이 정상적으로 완료되었습니다.
[2009/02/20, 17:37:07] initIndex(): 설정이 선택되지 않았습니다. 최초 구동 시점으로 간주하고 설정을 읽는 처리 작업만 완료합니다.
[2009/02/20, 17:37:07] createIndex(): Update 모드로 동작합니다.
[2009/02/20, 17:37:07] createIndex(): 기존 DB 발견, DB를 업데이트 하기전 이전 DB를 d:/nas/ibss/bbc/IDX_OLD로 복사본을 생성합니다.
[2009/02/20, 17:37:07] createIndex(): 기존 DB를 성공적으로 백업하였습니다.
[2009/02/20, 17:37:07] Indexing Term sort/merging Component Processed.
[2009/02/20, 17:37:07] Indexing Term Sort / Merging 완료 프로시저 시행 완료.
[2009/02/20, 17:37:07] Term List를 생성하기 시작한다.
[2009/02/20, 17:37:07] Term List를 생성완료.
[2009/02/20, 17:37:07] Inverted Index 생성 시작..
[2009/02/20, 17:37:07] Inverted Index 생성 프로시저 완료.
[2009/02/20, 17:37:07] createIndex(): iif_confitem_add() 성공. 매핑 번호 1
[2009/02/20, 17:37:07] createIndex(): 저장된 인덱스가 올바른지 최종적으로 검사합니다.
[2009/02/20, 17:37:07] createIndex() : bbc 인덱스 생성이 정상적으로 완료되었습니다.
[2009/02/20, 17:37:08] initIndex(): 설정이 선택되지 않았습니다. 최초 구동 시점으로 간주하고 설정을 읽는 처리 작업만 완료합니다.
[2009/02/20, 17:37:08] createIndex(): Update 모드로 동작합니다.
[2009/02/20, 17:37:08] createIndex(): 기존 DB 발견, DB를 업데이트 하기전 이전 DB를 d:/nas/ibss/bbc/IDX_OLD로 복사본을 생성합니다.
[2009/02/20, 17:37:08] createIndex(): 기존 DB를 성공적으로 백업하였습니다.
[2009/02/20, 17:37:08] Indexing Term sort/merging Component Processed.
[2009/02/20, 17:37:08] Indexing Term Sort / Merging 완료 프로시저 시행 완료.
[2009/02/20, 17:37:08] Term List를 생성하기 시작한다.
[2009/02/20, 17:37:08] Term List를 생성완료.
[2009/02/20, 17:37:08] Inverted Index 생성 시작..
[2009/02/20, 17:37:08] Inverted Index 생성 프로시저 완료.
[2009/02/20, 17:37:08] createIndex(): iif_confitem_add() 성공. 매핑 번호 1
[2009/02/20, 17:37:08] createIndex(): 저장된 인덱스가 올바른지 최종적으로 검사합니다.
[2009/02/20, 17:37:08] createIndex() : bbc 인덱스 생성이 정상적으로 완료되었습니다.
[2009/02/20, 17:37:09] initIndex(): 설정이 선택되지 않았습니다. 최초 구동 시점으로 간주하고 설정을 읽는 처리 작업만 완료합니다.
[2009/02/20, 17:37:09] createIndex(): Update 모드로 동작합니다.
[2009/02/20, 17:37:09] createIndex(): 기존 DB 발견, DB를 업데이트 하기전 이전 DB를 d:/nas/ibss/bbc/IDX_OLD로 복사본을 생성합니다.
[2009/02/20, 17:37:09] createIndex(): 기존 DB를 성공적으로 백업하였습니다.
[2009/02/20, 17:37:09] Indexing Term sort/merging Component Processed.
[2009/02/20, 17:37:09] Indexing Term Sort / Merging 완료 프로시저 시행 완료.
[2009/02/20, 17:37:09] Term List를 생성하기 시작한다.
[2009/02/20, 17:37:09] Term List를 생성완료.
[2009/02/20, 17:37:09] Inverted Index 생성 시작..
[2009/02/20, 17:37:09] Inverted Index 생성 프로시저 완료.
[2009/02/20, 17:37:09] createIndex(): iif_confitem_add() 성공. 매핑 번호 1
[2009/02/20, 17:37:09] createIndex(): 저장된 인덱스가 올바른지 최종적으로 검사합니다.
[2009/02/20, 17:37:09] createIndex() : bbc 인덱스 생성이 정상적으로 완료되었습니다.
[2009/02/20, 17:37:09] initIndex(): 설정이 선택되지 않았습니다. 최초 구동 시점으로 간주하고 설정을 읽는 처리 작업만 완료합니다.
[2009/02/20, 17:37:09] createIndex(): Update 모드로 동작합니다.
[2009/02/20, 17:37:09] createIndex(): 기존 DB 발견, DB를 업데이트 하기전 이전 DB를 d:/nas/ibss/bbc/IDX_OLD로 복사본을 생성합니다.
[2009/02/20, 17:37:09] createIndex(): 기존 DB를 성공적으로 백업하였습니다.
[2009/02/20, 17:37:09] Indexing Term sort/merging Component Processed.
[2009/02/20, 17:37:09] Indexing Term Sort / Merging 완료 프로시저 시행 완료.
[2009/02/20, 17:37:09] Term List를 생성하기 시작한다.
[2009/02/20, 17:37:09] Term List를 생성완료.
[2009/02/20, 17:37:09] Inverted Index 생성 시작..
[2009/02/20, 17:37:09] Inverted Index 생성 프로시저 완료.
[2009/02/20, 17:37:09] createIndex(): iif_confitem_add() 성공. 매핑 번호 1
[2009/02/20, 17:37:09] createIndex(): 저장된 인덱스가 올바른지 최종적으로 검사합니다.
[2009/02/20, 17:37:09] createIndex() : bbc 인덱스 생성이 정상적으로 완료되었습니다.
[2009/02/20, 17:37:10] initIndex(): 설정이 선택되지 않았습니다. 최초 구동 시점으로 간주하고 설정을 읽는 처리 작업만 완료합니다.
[2009/02/20, 17:37:10] createIndex(): Update 모드로 동작합니다.
[2009/02/20, 17:37:10] createIndex(): 기존 DB 발견, DB를 업데이트 하기전 이전 DB를 d:/nas/ibss/bbc/IDX_OLD로 복사본을 생성합니다.
[2009/02/20, 17:37:10] createIndex(): 기존 DB를 성공적으로 백업하였습니다.
[2009/02/20, 17:37:10] Indexing Term sort/merging Component Processed.
[2009/02/20, 17:37:10] Indexing Term Sort / Merging 완료 프로시저 시행 완료.
[2009/02/20, 17:37:10] Term List를 생성하기 시작한다.
[2009/02/20, 17:37:10] Term List를 생성완료.
[2009/02/20, 17:37:10] Inverted Index 생성 시작..
[2009/02/20, 17:37:10] Inverted Index 생성 프로시저 완료.
[2009/02/20, 17:37:10] createIndex(): iif_confitem_add() 성공. 매핑 번호 1
[2009/02/20, 17:37:10] createIndex(): 저장된 인덱스가 올바른지 최종적으로 검사합니다.
[2009/02/20, 17:37:10] createIndex() : bbc 인덱스 생성이 정상적으로 완료되었습니다.
[2009/02/20, 17:37:11] initIndex(): 설정이 선택되지 않았습니다. 최초 구동 시점으로 간주하고 설정을 읽는 처리 작업만 완료합니다.
[2009/02/20, 17:37:11] createIndex(): Update 모드로 동작합니다.
[2009/02/20, 17:37:11] createIndex(): 기존 DB 발견, DB를 업데이트 하기전 이전 DB를 d:/nas/ibss/bbc/IDX_OLD로 복사본을 생성합니다.
[2009/02/20, 17:37:11] createIndex(): 기존 DB를 성공적으로 백업하였습니다.
[2009/02/20, 17:37:11] Indexing Term sort/merging Component Processed.
[2009/02/20, 17:37:11] Indexing Term Sort / Merging 완료 프로시저 시행 완료.
[2009/02/20, 17:37:11] Term List를 생성하기 시작한다.
[2009/02/20, 17:37:11] Term List를 생성완료.
[2009/02/20, 17:37:11] Inverted Index 생성 시작..
[2009/02/20, 17:37:11] Inverted Index 생성 프로시저 완료.
[2009/02/20, 17:37:11] createIndex(): iif_confitem_add() 성공. 매핑 번호 1
[2009/02/20, 17:37:11] createIndex(): 저장된 인덱스가 올바른지 최종적으로 검사합니다.
[2009/02/20, 17:37:11] createIndex() : bbc 인덱스 생성이 정상적으로 완료되었습니다.
[2009/02/20, 17:37:35] INDEX_LIST reader : d:/nas/ibss/ixlib.ilb file open failure. bad configuration or file not found.
[2009/02/20, 17:37:35] initIndex(): 설정이 선택되지 않았습니다. 최초 구동 시점으로 간주하고 설정을 읽는 처리 작업만 완료합니다.
[2009/02/20, 17:37:35] createIndex(): Update 모드로 동작합니다.
[2009/02/20, 17:37:35] DB Consistency Check Failure: 형태소 분석 DB 색인어 사전 인덱스(IndexDic.idx) 파일에 문제가 있습니다.!
[2009/02/20, 17:37:35] createIndex() : 기존 DB가 백업하기에 올바르지 않거나 존재하지 않습니다. 새로운 DB를 구성합니다.
[2009/02/20, 17:37:35] Indexing Term sort/merging Component Processed.
[2009/02/20, 17:37:35] Indexing Term Sort / Merging 완료 프로시저 시행 완료.
[2009/02/20, 17:37:35] Term List를 생성하기 시작한다.
[2009/02/20, 17:37:35] Term List를 생성완료.
[2009/02/20, 17:37:35] Inverted Index 생성 시작..
[2009/02/20, 17:37:35] Inverted Index 생성 프로시저 완료.
[2009/02/20, 17:37:35] createIndex(): iif_confitem_add() 성공. 매핑 번호 0
[2009/02/20, 17:37:35] createIndex(): 저장된 인덱스가 올바른지 최종적으로 검사합니다.
[2009/02/20, 17:37:35] createIndex() : bbc 인덱스 생성이 정상적으로 완료되었습니다.
[2009/02/20, 17:37:39] initIndex(): 설정이 선택되지 않았습니다. 최초 구동 시점으로 간주하고 설정을 읽는 처리 작업만 완료합니다.
[2009/02/20, 17:37:39] createIndex(): Update 모드로 동작합니다.
[2009/02/20, 17:37:39] createIndex(): 기존 DB 발견, DB를 업데이트 하기전 이전 DB를 d:/nas/ibss/bbc/IDX_OLD로 복사본을 생성합니다.
[2009/02/20, 17:37:39] createIndex(): 기존 DB를 성공적으로 백업하였습니다.
[2009/02/20, 17:37:39] Indexing Term sort/merging Component Processed.
[2009/02/20, 17:37:39] Indexing Term Sort / Merging 완료 프로시저 시행 완료.
[2009/02/20, 17:37:39] Term List를 생성하기 시작한다.
[2009/02/20, 17:37:39] Term List를 생성완료.
[2009/02/20, 17:37:39] Inverted Index 생성 시작..
[2009/02/20, 17:37:40] Inverted Index 생성 프로시저 완료.
[2009/02/20, 17:37:40] createIndex(): iif_confitem_add() 성공. 매핑 번호 1
[2009/02/20, 17:37:40] createIndex(): 저장된 인덱스가 올바른지 최종적으로 검사합니다.
[2009/02/20, 17:37:40] createIndex() : bbc 인덱스 생성이 정상적으로 완료되었습니다.
[2009/02/20, 17:37:40] initIndex(): 설정이 선택되지 않았습니다. 최초 구동 시점으로 간주하고 설정을 읽는 처리 작업만 완료합니다.
[2009/02/20, 17:37:40] createIndex(): Update 모드로 동작합니다.
[2009/02/20, 17:37:40] createIndex(): 기존 DB 발견, DB를 업데이트 하기전 이전 DB를 d:/nas/ibss/bbc/IDX_OLD로 복사본을 생성합니다.
[2009/02/20, 17:37:40] createIndex(): 기존 DB를 성공적으로 백업하였습니다.
[2009/02/20, 17:37:40] Indexing Term sort/merging Component Processed.
[2009/02/20, 17:37:40] Indexing Term Sort / Merging 완료 프로시저 시행 완료.
[2009/02/20, 17:37:40] Term List를 생성하기 시작한다.
[2009/02/20, 17:37:40] Term List를 생성완료.
[2009/02/20, 17:37:40] Inverted Index 생성 시작..
[2009/02/20, 17:37:40] Inverted Index 생성 프로시저 완료.
[2009/02/20, 17:37:40] createIndex(): iif_confitem_add() 성공. 매핑 번호 1
[2009/02/20, 17:37:40] createIndex(): 저장된 인덱스가 올바른지 최종적으로 검사합니다.
[2009/02/20, 17:37:40] createIndex() : bbc 인덱스 생성이 정상적으로 완료되었습니다.
[2009/02/20, 17:37:41] initIndex(): 설정이 선택되지 않았습니다. 최초 구동 시점으로 간주하고 설정을 읽는 처리 작업만 완료합니다.
[2009/02/20, 17:37:41] createIndex(): Update 모드로 동작합니다.
[2009/02/20, 17:37:41] createIndex(): 기존 DB 발견, DB를 업데이트 하기전 이전 DB를 d:/nas/ibss/bbc/IDX_OLD로 복사본을 생성합니다.
[2009/02/20, 17:37:41] createIndex(): 기존 DB를 성공적으로 백업하였습니다.
[2009/02/20, 17:37:41] Indexing Term sort/merging Component Processed.
[2009/02/20, 17:37:41] Indexing Term Sort / Merging 완료 프로시저 시행 완료.
[2009/02/20, 17:37:41] Term List를 생성하기 시작한다.
[2009/02/20, 17:37:41] Term List를 생성완료.
[2009/02/20, 17:37:41] Inverted Index 생성 시작..
[2009/02/20, 17:37:41] Inverted Index 생성 프로시저 완료.
[2009/02/20, 17:37:41] createIndex(): iif_confitem_add() 성공. 매핑 번호 1
[2009/02/20, 17:37:41] createIndex(): 저장된 인덱스가 올바른지 최종적으로 검사합니다.
[2009/02/20, 17:37:41] createIndex() : bbc 인덱스 생성이 정상적으로 완료되었습니다.
[2009/02/20, 17:37:48] INDEX_LIST reader : d:/nas/ibss/ixlib.ilb file open failure. bad configuration or file not found.
[2009/02/20, 17:37:48] initIndex(): 설정이 선택되지 않았습니다. 최초 구동 시점으로 간주하고 설정을 읽는 처리 작업만 완료합니다.
[2009/02/20, 17:37:48] createIndex(): Update 모드로 동작합니다.
[2009/02/20, 17:37:48] DB Consistency Check Failure: 형태소 분석 DB 색인어 사전 인덱스(IndexDic.idx) 파일에 문제가 있습니다.!
[2009/02/20, 17:37:48] createIndex() : 기존 DB가 백업하기에 올바르지 않거나 존재하지 않습니다. 새로운 DB를 구성합니다.
[2009/02/20, 17:37:48] Indexing Term sort/merging Component Processed.
[2009/02/20, 17:37:48] Indexing Term Sort / Merging 완료 프로시저 시행 완료.
[2009/02/20, 17:37:48] Term List를 생성하기 시작한다.
[2009/02/20, 17:37:48] Term List를 생성완료.
[2009/02/20, 17:37:48] Inverted Index 생성 시작..
[2009/02/20, 17:37:49] Inverted Index 생성 프로시저 완료.
[2009/02/20, 17:37:49] createIndex(): iif_confitem_add() 성공. 매핑 번호 0
[2009/02/20, 17:37:49] createIndex(): 저장된 인덱스가 올바른지 최종적으로 검사합니다.
[2009/02/20, 17:37:49] createIndex() : bbc 인덱스 생성이 정상적으로 완료되었습니다.
[2009/02/20, 17:39:05] initIndex(): 설정이 선택되지 않았습니다. 최초 구동 시점으로 간주하고 설정을 읽는 처리 작업만 완료합니다.
[2009/02/20, 17:39:05] createIndex(): Update 모드로 동작합니다.
[2009/02/20, 17:39:05] createIndex(): 기존 DB 발견, DB를 업데이트 하기전 이전 DB를 d:/nas/ibss/bbc/IDX_OLD로 복사본을 생성합니다.
[2009/02/20, 17:39:05] createIndex(): 기존 DB를 성공적으로 백업하였습니다.
[2009/02/20, 17:39:05] Indexing Term sort/merging Component Processed.
[2009/02/20, 17:39:05] Indexing Term Sort / Merging 완료 프로시저 시행 완료.
[2009/02/20, 17:39:05] Term List를 생성하기 시작한다.
[2009/02/20, 17:39:05] Term List를 생성완료.
[2009/02/20, 17:39:05] Inverted Index 생성 시작..
[2009/02/20, 17:39:05] Inverted Index 생성 프로시저 완료.
[2009/02/20, 17:39:05] createIndex(): iif_confitem_add() 성공. 매핑 번호 1
[2009/02/20, 17:39:05] createIndex(): 저장된 인덱스가 올바른지 최종적으로 검사합니다.
[2009/02/20, 17:39:05] createIndex() : bbc 인덱스 생성이 정상적으로 완료되었습니다.
[2009/02/20, 17:43:23] initIndex(): 설정이 선택되지 않았습니다. 최초 구동 시점으로 간주하고 설정을 읽는 처리 작업만 완료합니다.
[2009/02/20, 17:43:23] createIndex(): Update 모드로 동작합니다.
[2009/02/20, 17:43:23] createIndex(): 기존 DB 발견, DB를 업데이트 하기전 이전 DB를 d:/nas/ibss/bbc/IDX_OLD로 복사본을 생성합니다.
[2009/02/20, 17:43:23] createIndex(): 기존 DB를 성공적으로 백업하였습니다.
[2009/02/20, 17:43:23] Indexing Term sort/merging Component Processed.
[2009/02/20, 17:43:23] Indexing Term Sort / Merging 완료 프로시저 시행 완료.
[2009/02/20, 17:43:23] Term List를 생성하기 시작한다.
[2009/02/20, 17:43:23] Term List를 생성완료.
[2009/02/20, 17:43:23] Inverted Index 생성 시작..
[2009/02/20, 17:43:23] Inverted Index 생성 프로시저 완료.
[2009/02/20, 17:43:23] createIndex(): iif_confitem_add() 성공. 매핑 번호 1
[2009/02/20, 17:43:23] createIndex(): 저장된 인덱스가 올바른지 최종적으로 검사합니다.
[2009/02/20, 17:43:23] createIndex() : bbc 인덱스 생성이 정상적으로 완료되었습니다.
[2009/02/20, 17:43:23] bbc 이름의 인덱스를 1 번 위치에서 찾았습니다. 이를 바탕으로 구성합니다.
[2009/02/20, 17:43:23] 검색을 시작합니다. 질의문 - [sample276]
[2009/02/20, 17:43:23] searchString() : 형태소 분석 DB를 사용, 검색을 준비한다.
[2009/02/20, 17:43:24] 질의문 [sample276] 에 대한 검색 완료.
[2009/02/20, 17:43:24] bbc 이름의 인덱스를 1 번 위치에서 찾았습니다. 이를 바탕으로 구성합니다.
[2009/02/20, 17:43:24] 검색을 시작합니다. 질의문 - [최시중362 & sample363]
[2009/02/20, 17:43:24] searchString() : 형태소 분석 DB를 사용, 검색을 준비한다.
[2009/02/20, 17:43:26] 질의문 [최시중362 & sample363] 에 대한 검색 완료.
[2009/02/20, 18:00:53] initIndex(): 설정이 선택되지 않았습니다. 최초 구동 시점으로 간주하고 설정을 읽는 처리 작업만 완료합니다.
[2009/02/20, 18:00:53] createIndex(): Update 모드로 동작합니다.
[2009/02/20, 18:00:53] createIndex(): 기존 DB 발견, DB를 업데이트 하기전 이전 DB를 d:/nas/ibss/bbc/IDX_OLD로 복사본을 생성합니다.
[2009/02/20, 18:00:53] createIndex(): 기존 DB를 성공적으로 백업하였습니다.
[2009/02/20, 18:00:53] Indexing Term sort/merging Component Processed.
[2009/02/20, 18:00:53] Indexing Term Sort / Merging 완료 프로시저 시행 완료.
[2009/02/20, 18:00:53] Term List를 생성하기 시작한다.
[2009/02/20, 18:00:53] Term List를 생성완료.
[2009/02/20, 18:00:53] Inverted Index 생성 시작..
[2009/02/20, 18:00:53] Inverted Index 생성 프로시저 완료.
[2009/02/20, 18:00:53] createIndex(): iif_confitem_add() 성공. 매핑 번호 1
[2009/02/20, 18:00:53] createIndex(): 저장된 인덱스가 올바른지 최종적으로 검사합니다.
[2009/02/20, 18:00:53] createIndex() : bbc 인덱스 생성이 정상적으로 완료되었습니다.
[2009/02/20, 18:00:54] initIndex(): 설정이 선택되지 않았습니다. 최초 구동 시점으로 간주하고 설정을 읽는 처리 작업만 완료합니다.
[2009/02/20, 18:00:54] createIndex(): Update 모드로 동작합니다.
[2009/02/20, 18:00:54] createIndex(): 기존 DB 발견, DB를 업데이트 하기전 이전 DB를 d:/nas/ibss/bbc/IDX_OLD로 복사본을 생성합니다.
[2009/02/20, 18:00:55] createIndex(): 기존 DB를 성공적으로 백업하였습니다.
[2009/02/20, 18:00:55] Indexing Term sort/merging Component Processed.
[2009/02/20, 18:00:55] Indexing Term Sort / Merging 완료 프로시저 시행 완료.
[2009/02/20, 18:00:55] Term List를 생성하기 시작한다.
[2009/02/20, 18:00:55] Term List를 생성완료.
[2009/02/20, 18:00:55] Inverted Index 생성 시작..
[2009/02/20, 18:00:55] Inverted Index 생성 프로시저 완료.
[2009/02/20, 18:00:55] createIndex(): iif_confitem_add() 성공. 매핑 번호 1
[2009/02/20, 18:00:55] createIndex(): 저장된 인덱스가 올바른지 최종적으로 검사합니다.
[2009/02/20, 18:00:55] createIndex() : bbc 인덱스 생성이 정상적으로 완료되었습니다.
[2009/02/20, 18:00:55] initIndex(): 설정이 선택되지 않았습니다. 최초 구동 시점으로 간주하고 설정을 읽는 처리 작업만 완료합니다.
[2009/02/20, 18:00:55] createIndex(): Update 모드로 동작합니다.
[2009/02/20, 18:00:55] createIndex(): 기존 DB 발견, DB를 업데이트 하기전 이전 DB를 d:/nas/ibss/bbc/IDX_OLD로 복사본을 생성합니다.
[2009/02/20, 18:00:55] createIndex(): 기존 DB를 성공적으로 백업하였습니다.
[2009/02/20, 18:00:55] Indexing Term sort/merging Component Processed.
[2009/02/20, 18:00:55] Indexing Term Sort / Merging 완료 프로시저 시행 완료.
[2009/02/20, 18:00:55] Term List를 생성하기 시작한다.
[2009/02/20, 18:00:55] Term List를 생성완료.
[2009/02/20, 18:00:55] Inverted Index 생성 시작..
[2009/02/20, 18:00:55] Inverted Index 생성 프로시저 완료.
[2009/02/20, 18:00:55] createIndex(): iif_confitem_add() 성공. 매핑 번호 1
[2009/02/20, 18:00:55] createIndex(): 저장된 인덱스가 올바른지 최종적으로 검사합니다.
[2009/02/20, 18:00:55] createIndex() : bbc 인덱스 생성이 정상적으로 완료되었습니다.
[2009/02/20, 18:00:56] initIndex(): 설정이 선택되지 않았습니다. 최초 구동 시점으로 간주하고 설정을 읽는 처리 작업만 완료합니다.
[2009/02/20, 18:00:56] createIndex(): Update 모드로 동작합니다.
[2009/02/20, 18:00:56] createIndex(): 기존 DB 발견, DB를 업데이트 하기전 이전 DB를 d:/nas/ibss/bbc/IDX_OLD로 복사본을 생성합니다.
[2009/02/20, 18:00:56] createIndex(): 기존 DB를 성공적으로 백업하였습니다.
[2009/02/20, 18:00:56] Indexing Term sort/merging Component Processed.
[2009/02/20, 18:00:56] Indexing Term Sort / Merging 완료 프로시저 시행 완료.
[2009/02/20, 18:00:56] Term List를 생성하기 시작한다.
[2009/02/20, 18:00:56] Term List를 생성완료.
[2009/02/20, 18:00:56] Inverted Index 생성 시작..
[2009/02/20, 18:00:56] Inverted Index 생성 프로시저 완료.
[2009/02/20, 18:00:56] createIndex(): iif_confitem_add() 성공. 매핑 번호 1
[2009/02/20, 18:00:56] createIndex(): 저장된 인덱스가 올바른지 최종적으로 검사합니다.
[2009/02/20, 18:00:56] createIndex() : bbc 인덱스 생성이 정상적으로 완료되었습니다.
[2009/02/20, 18:00:57] initIndex(): 설정이 선택되지 않았습니다. 최초 구동 시점으로 간주하고 설정을 읽는 처리 작업만 완료합니다.
[2009/02/20, 18:00:57] createIndex(): Update 모드로 동작합니다.
[2009/02/20, 18:00:57] createIndex(): 기존 DB 발견, DB를 업데이트 하기전 이전 DB를 d:/nas/ibss/bbc/IDX_OLD로 복사본을 생성합니다.
[2009/02/20, 18:00:57] createIndex(): 기존 DB를 성공적으로 백업하였습니다.
[2009/02/20, 18:00:57] Indexing Term sort/merging Component Processed.
[2009/02/20, 18:00:57] Indexing Term Sort / Merging 완료 프로시저 시행 완료.
[2009/02/20, 18:00:57] Term List를 생성하기 시작한다.
[2009/02/20, 18:00:57] Term List를 생성완료.
[2009/02/20, 18:00:57] Inverted Index 생성 시작..
[2009/02/20, 18:00:57] Inverted Index 생성 프로시저 완료.
[2009/02/20, 18:00:57] createIndex(): iif_confitem_add() 성공. 매핑 번호 1
[2009/02/20, 18:00:57] createIndex(): 저장된 인덱스가 올바른지 최종적으로 검사합니다.
[2009/02/20, 18:00:57] createIndex() : bbc 인덱스 생성이 정상적으로 완료되었습니다.
[2009/02/20, 18:01:06] initIndex(): 설정이 선택되지 않았습니다. 최초 구동 시점으로 간주하고 설정을 읽는 처리 작업만 완료합니다.
[2009/02/20, 18:01:06] createIndex(): Update 모드로 동작합니다.
[2009/02/20, 18:01:06] createIndex(): 기존 DB 발견, DB를 업데이트 하기전 이전 DB를 d:/nas/ibss/bbc/IDX_OLD로 복사본을 생성합니다.
[2009/02/20, 18:01:06] createIndex(): 기존 DB를 성공적으로 백업하였습니다.
[2009/02/20, 18:01:06] Indexing Term sort/merging Component Processed.
[2009/02/20, 18:01:06] Indexing Term Sort / Merging 완료 프로시저 시행 완료.
[2009/02/20, 18:01:06] Term List를 생성하기 시작한다.
[2009/02/20, 18:01:06] Term List를 생성완료.
[2009/02/20, 18:01:06] Inverted Index 생성 시작..
[2009/02/20, 18:01:06] Inverted Index 생성 프로시저 완료.
[2009/02/20, 18:01:06] createIndex(): iif_confitem_add() 성공. 매핑 번호 1
[2009/02/20, 18:01:06] createIndex(): 저장된 인덱스가 올바른지 최종적으로 검사합니다.
[2009/02/20, 18:01:06] createIndex() : bbc 인덱스 생성이 정상적으로 완료되었습니다.
[2009/02/20, 18:01:06] bbc 이름의 인덱스를 1 번 위치에서 찾았습니다. 이를 바탕으로 구성합니다.
[2009/02/20, 18:01:06] 검색을 시작합니다. 질의문 - [sample276]
[2009/02/20, 18:01:06] searchString() : 형태소 분석 DB를 사용, 검색을 준비한다.
[2009/02/20, 18:01:07] 질의문 [sample276] 에 대한 검색 완료.
[2009/02/20, 18:01:07] bbc 이름의 인덱스를 1 번 위치에서 찾았습니다. 이를 바탕으로 구성합니다.
[2009/02/20, 18:01:07] 검색을 시작합니다. 질의문 - [최시중362 & sample363]
[2009/02/20, 18:01:07] searchString() : 형태소 분석 DB를 사용, 검색을 준비한다.
[2009/02/20, 18:01:09] 질의문 [최시중362 & sample363] 에 대한 검색 완료.
[2009/02/20, 18:01:49] initIndex(): 설정이 선택되지 않았습니다. 최초 구동 시점으로 간주하고 설정을 읽는 처리 작업만 완료합니다.
[2009/02/20, 18:01:49] createIndex(): Update 모드로 동작합니다.
[2009/02/20, 18:01:49] createIndex(): 기존 DB 발견, DB를 업데이트 하기전 이전 DB를 d:/nas/ibss/bbc/IDX_OLD로 복사본을 생성합니다.
[2009/02/20, 18:01:49] createIndex(): 기존 DB를 성공적으로 백업하였습니다.
[2009/02/20, 18:01:49] Indexing Term sort/merging Component Processed.
[2009/02/20, 18:01:49] Indexing Term Sort / Merging 완료 프로시저 시행 완료.
[2009/02/20, 18:01:49] Term List를 생성하기 시작한다.
[2009/02/20, 18:01:49] Term List를 생성완료.
[2009/02/20, 18:01:49] Inverted Index 생성 시작..
[2009/02/20, 18:01:49] Inverted Index 생성 프로시저 완료.
[2009/02/20, 18:01:49] createIndex(): iif_confitem_add() 성공. 매핑 번호 1
[2009/02/20, 18:01:49] createIndex(): 저장된 인덱스가 올바른지 최종적으로 검사합니다.
[2009/02/20, 18:01:49] createIndex() : bbc 인덱스 생성이 정상적으로 완료되었습니다.
[2009/02/20, 18:01:49] bbc 이름의 인덱스를 1 번 위치에서 찾았습니다. 이를 바탕으로 구성합니다.
[2009/02/20, 18:01:49] 검색을 시작합니다. 질의문 - [sample276]
[2009/02/20, 18:01:49] searchString() : 형태소 분석 DB를 사용, 검색을 준비한다.
[2009/02/20, 18:01:50] 질의문 [sample276] 에 대한 검색 완료.
[2009/02/20, 18:01:50] bbc 이름의 인덱스를 1 번 위치에서 찾았습니다. 이를 바탕으로 구성합니다.
[2009/02/20, 18:01:50] 검색을 시작합니다. 질의문 - [최시중362 & sample363]
[2009/02/20, 18:01:50] searchString() : 형태소 분석 DB를 사용, 검색을 준비한다.
[2009/02/20, 18:01:52] 질의문 [최시중362 & sample363] 에 대한 검색 완료.