
[2009/03/03, 01:15:04] INDEX_LIST reader : d:/nas/ibss/ixlib.ilb file open failure. bad configuration or file not found.
[2009/03/03, 01:15:04] initIndex(): 설정이 선택되지 않았습니다. 최초 구동 시점으로 간주하고 설정을 읽는 처리 작업만 완료합니다.
[2009/03/03, 01:15:04] createIndex(): Update 모드로 동작합니다.
[2009/03/03, 01:15:04] DB Consistency Check Failure: 형태소 분석 DB 색인어 사전 인덱스(IndexDic.idx) 파일에 문제가 있습니다.!
[2009/03/03, 01:15:04] createIndex() : 기존 DB가 백업하기에 올바르지 않거나 존재하지 않습니다. 새로운 DB를 구성합니다.
[2009/03/03, 01:15:04] Indexing Term sort/merging Component Processed.
[2009/03/03, 01:15:04] Indexing Term Sort / Merging 완료 프로시저 시행 완료.
[2009/03/03, 01:15:04] Term List를 생성하기 시작한다.
[2009/03/03, 01:15:04] Term List를 생성완료.
[2009/03/03, 01:15:04] Inverted Index 생성 시작..
[2009/03/03, 01:15:04] Inverted Index 생성 프로시저 완료.
[2009/03/03, 01:15:04] createIndex(): iif_confitem_add() 성공. 매핑 번호 0
[2009/03/03, 01:15:04] createIndex(): 저장된 인덱스가 올바른지 최종적으로 검사합니다.
[2009/03/03, 01:15:04] createIndex() : bbc 인덱스 생성이 정상적으로 완료되었습니다.
[2009/03/03, 01:15:04] bbc 이름의 인덱스를 0 번 위치에서 찾았습니다. 이를 바탕으로 구성합니다.
[2009/03/03, 01:15:04] 검색을 시작합니다. 질의문 - [sample276]
[2009/03/03, 01:15:04] searchString() : 형태소 분석 DB를 사용, 검색을 준비한다.
[2009/03/03, 01:15:05] 질의문 [sample276] 에 대한 검색 완료.
[2009/03/03, 01:15:05] bbc 이름의 인덱스를 0 번 위치에서 찾았습니다. 이를 바탕으로 구성합니다.
[2009/03/03, 01:15:05] 검색을 시작합니다. 질의문 - [최시중362 | 1sample363]
[2009/03/03, 01:15:05] searchString() : 형태소 분석 DB를 사용, 검색을 준비한다.
[2009/03/03, 01:15:07] 질의문 [최시중362 | 1sample363] 에 대한 검색 완료.
[2009/03/03, 01:16:14] initIndex(): 설정이 선택되지 않았습니다. 최초 구동 시점으로 간주하고 설정을 읽는 처리 작업만 완료합니다.
[2009/03/03, 01:16:14] createIndex(): Update 모드로 동작합니다.
[2009/03/03, 01:16:14] createIndex(): 기존 DB 발견, DB를 업데이트 하기전 이전 DB를 d:/nas/ibss/bbc/IDX_OLD로 복사본을 생성합니다.
[2009/03/03, 01:16:14] createIndex(): 기존 DB를 성공적으로 백업하였습니다.
[2009/03/03, 01:16:14] Indexing Term sort/merging Component Processed.
[2009/03/03, 01:16:14] Indexing Term Sort / Merging 완료 프로시저 시행 완료.
[2009/03/03, 01:16:14] Term List를 생성하기 시작한다.
[2009/03/03, 01:16:14] Term List를 생성완료.
[2009/03/03, 01:16:14] Inverted Index 생성 시작..
[2009/03/03, 01:16:14] Inverted Index 생성 프로시저 완료.
[2009/03/03, 01:16:14] createIndex(): iif_confitem_add() 성공. 매핑 번호 0
[2009/03/03, 01:16:14] createIndex(): 저장된 인덱스가 올바른지 최종적으로 검사합니다.
[2009/03/03, 01:16:14] createIndex() : bbc 인덱스 생성이 정상적으로 완료되었습니다.
[2009/03/03, 01:16:14] bbc 이름의 인덱스를 0 번 위치에서 찾았습니다. 이를 바탕으로 구성합니다.
[2009/03/03, 01:16:14] 검색을 시작합니다. 질의문 - [sample276]
[2009/03/03, 01:16:14] searchString() : 형태소 분석 DB를 사용, 검색을 준비한다.
[2009/03/03, 01:16:15] 질의문 [sample276] 에 대한 검색 완료.
[2009/03/03, 01:16:15] bbc 이름의 인덱스를 0 번 위치에서 찾았습니다. 이를 바탕으로 구성합니다.
[2009/03/03, 01:16:15] 검색을 시작합니다. 질의문 - [최시중362 | sample148]
[2009/03/03, 01:16:15] searchString() : 형태소 분석 DB를 사용, 검색을 준비한다.
[2009/03/03, 01:16:17] 질의문 [최시중362 | sample148] 에 대한 검색 완료.
[2009/03/03, 01:17:26] initIndex(): 설정이 선택되지 않았습니다. 최초 구동 시점으로 간주하고 설정을 읽는 처리 작업만 완료합니다.
[2009/03/03, 01:17:26] createIndex(): Update 모드로 동작합니다.
[2009/03/03, 01:17:26] createIndex(): 기존 DB 발견, DB를 업데이트 하기전 이전 DB를 d:/nas/ibss/bbc/IDX_OLD로 복사본을 생성합니다.
[2009/03/03, 01:17:26] createIndex(): 기존 DB를 성공적으로 백업하였습니다.
[2009/03/03, 01:17:26] Indexing Term sort/merging Component Processed.
[2009/03/03, 01:17:26] Indexing Term Sort / Merging 완료 프로시저 시행 완료.
[2009/03/03, 01:17:26] Term List를 생성하기 시작한다.
[2009/03/03, 01:17:26] Term List를 생성완료.
[2009/03/03, 01:17:26] Inverted Index 생성 시작..
[2009/03/03, 01:17:26] Inverted Index 생성 프로시저 완료.
[2009/03/03, 01:17:26] createIndex(): iif_confitem_add() 성공. 매핑 번호 0
[2009/03/03, 01:17:26] createIndex(): 저장된 인덱스가 올바른지 최종적으로 검사합니다.
[2009/03/03, 01:17:26] createIndex() : bbc 인덱스 생성이 정상적으로 완료되었습니다.
[2009/03/03, 01:17:26] bbc 이름의 인덱스를 0 번 위치에서 찾았습니다. 이를 바탕으로 구성합니다.
[2009/03/03, 01:17:26] 검색을 시작합니다. 질의문 - [sample276]
[2009/03/03, 01:17:26] searchString() : 형태소 분석 DB를 사용, 검색을 준비한다.
[2009/03/03, 01:17:27] 질의문 [sample276] 에 대한 검색 완료.
[2009/03/03, 01:17:27] bbc 이름의 인덱스를 0 번 위치에서 찾았습니다. 이를 바탕으로 구성합니다.
[2009/03/03, 01:17:27] 검색을 시작합니다. 질의문 - [최시중176 & document177]
[2009/03/03, 01:17:27] searchString() : 형태소 분석 DB를 사용, 검색을 준비한다.
[2009/03/03, 01:17:29] 질의문 [최시중176 & document177] 에 대한 검색 완료.
[2009/03/03, 01:17:59] initIndex(): 설정이 선택되지 않았습니다. 최초 구동 시점으로 간주하고 설정을 읽는 처리 작업만 완료합니다.
[2009/03/03, 01:17:59] createIndex(): Update 모드로 동작합니다.
[2009/03/03, 01:17:59] createIndex(): 기존 DB 발견, DB를 업데이트 하기전 이전 DB를 d:/nas/ibss/bbc/IDX_OLD로 복사본을 생성합니다.
[2009/03/03, 01:17:59] createIndex(): 기존 DB를 성공적으로 백업하였습니다.
[2009/03/03, 01:17:59] Indexing Term sort/merging Component Processed.
[2009/03/03, 01:17:59] Indexing Term Sort / Merging 완료 프로시저 시행 완료.
[2009/03/03, 01:17:59] Term List를 생성하기 시작한다.
[2009/03/03, 01:17:59] Term List를 생성완료.
[2009/03/03, 01:17:59] Inverted Index 생성 시작..
[2009/03/03, 01:17:59] Inverted Index 생성 프로시저 완료.
[2009/03/03, 01:17:59] createIndex(): iif_confitem_add() 성공. 매핑 번호 0
[2009/03/03, 01:17:59] createIndex(): 저장된 인덱스가 올바른지 최종적으로 검사합니다.
[2009/03/03, 01:17:59] createIndex() : bbc 인덱스 생성이 정상적으로 완료되었습니다.
[2009/03/03, 01:17:59] bbc 이름의 인덱스를 0 번 위치에서 찾았습니다. 이를 바탕으로 구성합니다.
[2009/03/03, 01:17:59] 검색을 시작합니다. 질의문 - [sample276]
[2009/03/03, 01:17:59] searchString() : 형태소 분석 DB를 사용, 검색을 준비한다.
[2009/03/03, 01:18:00] 질의문 [sample276] 에 대한 검색 완료.
[2009/03/03, 01:18:00] bbc 이름의 인덱스를 0 번 위치에서 찾았습니다. 이를 바탕으로 구성합니다.
[2009/03/03, 01:18:00] 검색을 시작합니다. 질의문 - [최시중176 & document279]
[2009/03/03, 01:18:00] searchString() : 형태소 분석 DB를 사용, 검색을 준비한다.
[2009/03/03, 01:18:02] 질의문 [최시중176 & document279] 에 대한 검색 완료.
[2009/03/03, 01:18:19] initIndex(): 설정이 선택되지 않았습니다. 최초 구동 시점으로 간주하고 설정을 읽는 처리 작업만 완료합니다.
[2009/03/03, 01:18:19] createIndex(): Update 모드로 동작합니다.
[2009/03/03, 01:18:19] createIndex(): 기존 DB 발견, DB를 업데이트 하기전 이전 DB를 d:/nas/ibss/bbc/IDX_OLD로 복사본을 생성합니다.
[2009/03/03, 01:18:19] createIndex(): 기존 DB를 성공적으로 백업하였습니다.
[2009/03/03, 01:18:19] Indexing Term sort/merging Component Processed.
[2009/03/03, 01:18:19] Indexing Term Sort / Merging 완료 프로시저 시행 완료.
[2009/03/03, 01:18:19] Term List를 생성하기 시작한다.
[2009/03/03, 01:18:19] Term List를 생성완료.
[2009/03/03, 01:18:19] Inverted Index 생성 시작..
[2009/03/03, 01:18:19] Inverted Index 생성 프로시저 완료.
[2009/03/03, 01:18:19] createIndex(): iif_confitem_add() 성공. 매핑 번호 0
[2009/03/03, 01:18:19] createIndex(): 저장된 인덱스가 올바른지 최종적으로 검사합니다.
[2009/03/03, 01:18:19] createIndex() : bbc 인덱스 생성이 정상적으로 완료되었습니다.
[2009/03/03, 01:18:19] bbc 이름의 인덱스를 0 번 위치에서 찾았습니다. 이를 바탕으로 구성합니다.
[2009/03/03, 01:18:19] 검색을 시작합니다. 질의문 - [sample276]
[2009/03/03, 01:18:19] searchString() : 형태소 분석 DB를 사용, 검색을 준비한다.
[2009/03/03, 01:18:20] 질의문 [sample276] 에 대한 검색 완료.
[2009/03/03, 01:18:20] bbc 이름의 인덱스를 0 번 위치에서 찾았습니다. 이를 바탕으로 구성합니다.
[2009/03/03, 01:18:20] 검색을 시작합니다. 질의문 - [최시중176 | document279]
[2009/03/03, 01:18:20] searchString() : 형태소 분석 DB를 사용, 검색을 준비한다.
[2009/03/03, 01:18:22] 질의문 [최시중176 | document279] 에 대한 검색 완료.
[2009/03/03, 01:27:36] initIndex(): 설정이 선택되지 않았습니다. 최초 구동 시점으로 간주하고 설정을 읽는 처리 작업만 완료합니다.
[2009/03/03, 01:27:36] createIndex(): Update 모드로 동작합니다.
[2009/03/03, 01:27:36] createIndex(): 기존 DB 발견, DB를 업데이트 하기전 이전 DB를 d:/nas/ibss/bbc/IDX_OLD로 복사본을 생성합니다.
[2009/03/03, 01:27:36] createIndex(): 기존 DB를 성공적으로 백업하였습니다.
[2009/03/03, 01:27:36] Indexing Term sort/merging Component Processed.
[2009/03/03, 01:27:36] Indexing Term Sort / Merging 완료 프로시저 시행 완료.
[2009/03/03, 01:27:36] Term List를 생성하기 시작한다.
[2009/03/03, 01:27:36] Term List를 생성완료.
[2009/03/03, 01:27:36] Inverted Index 생성 시작..
[2009/03/03, 01:27:36] Inverted Index 생성 프로시저 완료.
[2009/03/03, 01:27:36] createIndex(): iif_confitem_add() 성공. 매핑 번호 0
[2009/03/03, 01:27:36] createIndex(): 저장된 인덱스가 올바른지 최종적으로 검사합니다.
[2009/03/03, 01:27:36] createIndex() : bbc 인덱스 생성이 정상적으로 완료되었습니다.
[2009/03/03, 01:27:36] bbc 이름의 인덱스를 0 번 위치에서 찾았습니다. 이를 바탕으로 구성합니다.
[2009/03/03, 01:27:36] 검색을 시작합니다. 질의문 - [sample276]
[2009/03/03, 01:27:36] searchString() : 형태소 분석 DB를 사용, 검색을 준비한다.
[2009/03/03, 01:27:36] 질의문 [sample276] 에 대한 검색 완료.
[2009/03/03, 01:27:36] bbc 이름의 인덱스를 0 번 위치에서 찾았습니다. 이를 바탕으로 구성합니다.
[2009/03/03, 01:27:36] 검색을 시작합니다. 질의문 - [최시중176 | document279]
[2009/03/03, 01:27:36] searchString() : 형태소 분석 DB를 사용, 검색을 준비한다.
[2009/03/03, 01:27:36] 질의문 [최시중176 | document279] 에 대한 검색 완료.
[2009/03/03, 01:30:24] initIndex(): 설정이 선택되지 않았습니다. 최초 구동 시점으로 간주하고 설정을 읽는 처리 작업만 완료합니다.
[2009/03/03, 01:30:24] createIndex(): Update 모드로 동작합니다.
[2009/03/03, 01:30:24] createIndex(): 기존 DB 발견, DB를 업데이트 하기전 이전 DB를 d:/nas/ibss/bbc/IDX_OLD로 복사본을 생성합니다.
[2009/03/03, 01:30:24] createIndex(): 기존 DB를 성공적으로 백업하였습니다.
[2009/03/03, 01:30:24] Indexing Term sort/merging Component Processed.
[2009/03/03, 01:30:24] Indexing Term Sort / Merging 완료 프로시저 시행 완료.
[2009/03/03, 01:30:24] Term List를 생성하기 시작한다.
[2009/03/03, 01:30:24] Term List를 생성완료.
[2009/03/03, 01:30:24] Inverted Index 생성 시작..
[2009/03/03, 01:30:24] Inverted Index 생성 프로시저 완료.
[2009/03/03, 01:30:24] createIndex(): iif_confitem_add() 성공. 매핑 번호 0
[2009/03/03, 01:30:24] createIndex(): 저장된 인덱스가 올바른지 최종적으로 검사합니다.
[2009/03/03, 01:30:24] createIndex() : bbc 인덱스 생성이 정상적으로 완료되었습니다.
[2009/03/03, 01:30:24] bbc 이름의 인덱스를 0 번 위치에서 찾았습니다. 이를 바탕으로 구성합니다.
[2009/03/03, 01:30:24] 검색을 시작합니다. 질의문 - [sample276]
[2009/03/03, 01:30:24] searchString() : 형태소 분석 DB를 사용, 검색을 준비한다.
[2009/03/03, 01:30:24] 질의문 [sample276] 에 대한 검색 완료.
[2009/03/03, 01:30:24] bbc 이름의 인덱스를 0 번 위치에서 찾았습니다. 이를 바탕으로 구성합니다.
[2009/03/03, 01:30:24] 검색을 시작합니다. 질의문 - [최시중176 | document279]
[2009/03/03, 01:30:24] searchString() : 형태소 분석 DB를 사용, 검색을 준비한다.
[2009/03/03, 01:30:25] 질의문 [최시중176 | document279] 에 대한 검색 완료.
[2009/03/03, 01:30:29] initIndex(): 설정이 선택되지 않았습니다. 최초 구동 시점으로 간주하고 설정을 읽는 처리 작업만 완료합니다.
[2009/03/03, 01:30:29] createIndex(): Update 모드로 동작합니다.
[2009/03/03, 01:30:29] createIndex(): 기존 DB 발견, DB를 업데이트 하기전 이전 DB를 d:/nas/ibss/bbc/IDX_OLD로 복사본을 생성합니다.
[2009/03/03, 01:30:29] createIndex(): 기존 DB를 성공적으로 백업하였습니다.
[2009/03/03, 01:30:29] Indexing Term sort/merging Component Processed.
[2009/03/03, 01:30:29] Indexing Term Sort / Merging 완료 프로시저 시행 완료.
[2009/03/03, 01:30:29] Term List를 생성하기 시작한다.
[2009/03/03, 01:30:29] Term List를 생성완료.
[2009/03/03, 01:30:29] Inverted Index 생성 시작..
[2009/03/03, 01:30:29] Inverted Index 생성 프로시저 완료.
[2009/03/03, 01:30:29] createIndex(): iif_confitem_add() 성공. 매핑 번호 0
[2009/03/03, 01:30:29] createIndex(): 저장된 인덱스가 올바른지 최종적으로 검사합니다.
[2009/03/03, 01:30:29] createIndex() : bbc 인덱스 생성이 정상적으로 완료되었습니다.
[2009/03/03, 01:30:29] bbc 이름의 인덱스를 0 번 위치에서 찾았습니다. 이를 바탕으로 구성합니다.
[2009/03/03, 01:30:29] 검색을 시작합니다. 질의문 - [sample276]
[2009/03/03, 01:30:29] searchString() : 형태소 분석 DB를 사용, 검색을 준비한다.
[2009/03/03, 01:30:29] 질의문 [sample276] 에 대한 검색 완료.
[2009/03/03, 01:30:29] bbc 이름의 인덱스를 0 번 위치에서 찾았습니다. 이를 바탕으로 구성합니다.
[2009/03/03, 01:30:29] 검색을 시작합니다. 질의문 - [최시중176 | document279]
[2009/03/03, 01:30:29] searchString() : 형태소 분석 DB를 사용, 검색을 준비한다.
[2009/03/03, 01:30:30] 질의문 [최시중176 | document279] 에 대한 검색 완료.
[2009/03/03, 01:30:31] initIndex(): 설정이 선택되지 않았습니다. 최초 구동 시점으로 간주하고 설정을 읽는 처리 작업만 완료합니다.
[2009/03/03, 01:30:31] createIndex(): Update 모드로 동작합니다.
[2009/03/03, 01:30:31] createIndex(): 기존 DB 발견, DB를 업데이트 하기전 이전 DB를 d:/nas/ibss/bbc/IDX_OLD로 복사본을 생성합니다.
[2009/03/03, 01:30:31] createIndex(): 기존 DB를 성공적으로 백업하였습니다.
[2009/03/03, 01:30:31] Indexing Term sort/merging Component Processed.
[2009/03/03, 01:30:31] Indexing Term Sort / Merging 완료 프로시저 시행 완료.
[2009/03/03, 01:30:31] Term List를 생성하기 시작한다.
[2009/03/03, 01:30:31] Term List를 생성완료.
[2009/03/03, 01:30:31] Inverted Index 생성 시작..
[2009/03/03, 01:30:32] Inverted Index 생성 프로시저 완료.
[2009/03/03, 01:30:32] createIndex(): iif_confitem_add() 성공. 매핑 번호 0
[2009/03/03, 01:30:32] createIndex(): 저장된 인덱스가 올바른지 최종적으로 검사합니다.
[2009/03/03, 01:30:32] createIndex() : bbc 인덱스 생성이 정상적으로 완료되었습니다.
[2009/03/03, 01:30:32] bbc 이름의 인덱스를 0 번 위치에서 찾았습니다. 이를 바탕으로 구성합니다.
[2009/03/03, 01:30:32] 검색을 시작합니다. 질의문 - [sample276]
[2009/03/03, 01:30:32] searchString() : 형태소 분석 DB를 사용, 검색을 준비한다.
[2009/03/03, 01:30:32] 질의문 [sample276] 에 대한 검색 완료.
[2009/03/03, 01:30:32] bbc 이름의 인덱스를 0 번 위치에서 찾았습니다. 이를 바탕으로 구성합니다.
[2009/03/03, 01:30:32] 검색을 시작합니다. 질의문 - [최시중176 | document279]
[2009/03/03, 01:30:32] searchString() : 형태소 분석 DB를 사용, 검색을 준비한다.
[2009/03/03, 01:30:32] 질의문 [최시중176 | document279] 에 대한 검색 완료.
[2009/03/03, 01:30:34] initIndex(): 설정이 선택되지 않았습니다. 최초 구동 시점으로 간주하고 설정을 읽는 처리 작업만 완료합니다.
[2009/03/03, 01:30:35] createIndex(): Update 모드로 동작합니다.
[2009/03/03, 01:30:35] createIndex(): 기존 DB 발견, DB를 업데이트 하기전 이전 DB를 d:/nas/ibss/bbc/IDX_OLD로 복사본을 생성합니다.
[2009/03/03, 01:30:35] createIndex(): 기존 DB를 성공적으로 백업하였습니다.
[2009/03/03, 01:30:35] Indexing Term sort/merging Component Processed.
[2009/03/03, 01:30:35] Indexing Term Sort / Merging 완료 프로시저 시행 완료.
[2009/03/03, 01:30:35] Term List를 생성하기 시작한다.
[2009/03/03, 01:30:35] Term List를 생성완료.
[2009/03/03, 01:30:35] Inverted Index 생성 시작..
[2009/03/03, 01:30:35] Inverted Index 생성 프로시저 완료.
[2009/03/03, 01:30:35] createIndex(): iif_confitem_add() 성공. 매핑 번호 0
[2009/03/03, 01:30:35] createIndex(): 저장된 인덱스가 올바른지 최종적으로 검사합니다.
[2009/03/03, 01:30:35] createIndex() : bbc 인덱스 생성이 정상적으로 완료되었습니다.
[2009/03/03, 01:30:35] bbc 이름의 인덱스를 0 번 위치에서 찾았습니다. 이를 바탕으로 구성합니다.
[2009/03/03, 01:30:35] 검색을 시작합니다. 질의문 - [sample276]
[2009/03/03, 01:30:35] searchString() : 형태소 분석 DB를 사용, 검색을 준비한다.
[2009/03/03, 01:30:35] 질의문 [sample276] 에 대한 검색 완료.
[2009/03/03, 01:30:35] bbc 이름의 인덱스를 0 번 위치에서 찾았습니다. 이를 바탕으로 구성합니다.
[2009/03/03, 01:30:35] 검색을 시작합니다. 질의문 - [최시중176 | document279]
[2009/03/03, 01:30:35] searchString() : 형태소 분석 DB를 사용, 검색을 준비한다.
[2009/03/03, 01:30:36] 질의문 [최시중176 | document279] 에 대한 검색 완료.
[2009/03/03, 01:30:37] initIndex(): 설정이 선택되지 않았습니다. 최초 구동 시점으로 간주하고 설정을 읽는 처리 작업만 완료합니다.
[2009/03/03, 01:30:37] createIndex(): Update 모드로 동작합니다.
[2009/03/03, 01:30:37] createIndex(): 기존 DB 발견, DB를 업데이트 하기전 이전 DB를 d:/nas/ibss/bbc/IDX_OLD로 복사본을 생성합니다.
[2009/03/03, 01:30:37] createIndex(): 기존 DB를 성공적으로 백업하였습니다.
[2009/03/03, 01:30:37] Indexing Term sort/merging Component Processed.
[2009/03/03, 01:30:37] Indexing Term Sort / Merging 완료 프로시저 시행 완료.
[2009/03/03, 01:30:37] Term List를 생성하기 시작한다.
[2009/03/03, 01:30:37] Term List를 생성완료.
[2009/03/03, 01:30:37] Inverted Index 생성 시작..
[2009/03/03, 01:30:37] Inverted Index 생성 프로시저 완료.
[2009/03/03, 01:30:37] createIndex(): iif_confitem_add() 성공. 매핑 번호 0
[2009/03/03, 01:30:37] createIndex(): 저장된 인덱스가 올바른지 최종적으로 검사합니다.
[2009/03/03, 01:30:37] createIndex() : bbc 인덱스 생성이 정상적으로 완료되었습니다.
[2009/03/03, 01:30:37] bbc 이름의 인덱스를 0 번 위치에서 찾았습니다. 이를 바탕으로 구성합니다.
[2009/03/03, 01:30:37] 검색을 시작합니다. 질의문 - [sample276]
[2009/03/03, 01:30:37] searchString() : 형태소 분석 DB를 사용, 검색을 준비한다.
[2009/03/03, 01:30:38] 질의문 [sample276] 에 대한 검색 완료.
[2009/03/03, 01:30:38] bbc 이름의 인덱스를 0 번 위치에서 찾았습니다. 이를 바탕으로 구성합니다.
[2009/03/03, 01:30:38] 검색을 시작합니다. 질의문 - [최시중176 | document279]
[2009/03/03, 01:30:38] searchString() : 형태소 분석 DB를 사용, 검색을 준비한다.
[2009/03/03, 01:30:38] 질의문 [최시중176 | document279] 에 대한 검색 완료.
[2009/03/03, 01:30:39] initIndex(): 설정이 선택되지 않았습니다. 최초 구동 시점으로 간주하고 설정을 읽는 처리 작업만 완료합니다.
[2009/03/03, 01:30:39] createIndex(): Update 모드로 동작합니다.
[2009/03/03, 01:30:39] createIndex(): 기존 DB 발견, DB를 업데이트 하기전 이전 DB를 d:/nas/ibss/bbc/IDX_OLD로 복사본을 생성합니다.
[2009/03/03, 01:30:39] createIndex(): 기존 DB를 성공적으로 백업하였습니다.
[2009/03/03, 01:30:39] Indexing Term sort/merging Component Processed.
[2009/03/03, 01:30:39] Indexing Term Sort / Merging 완료 프로시저 시행 완료.
[2009/03/03, 01:30:39] Term List를 생성하기 시작한다.
[2009/03/03, 01:30:39] Term List를 생성완료.
[2009/03/03, 01:30:39] Inverted Index 생성 시작..
[2009/03/03, 01:30:39] Inverted Index 생성 프로시저 완료.
[2009/03/03, 01:30:39] createIndex(): iif_confitem_add() 성공. 매핑 번호 0
[2009/03/03, 01:30:39] createIndex(): 저장된 인덱스가 올바른지 최종적으로 검사합니다.
[2009/03/03, 01:30:39] createIndex() : bbc 인덱스 생성이 정상적으로 완료되었습니다.
[2009/03/03, 01:30:39] bbc 이름의 인덱스를 0 번 위치에서 찾았습니다. 이를 바탕으로 구성합니다.
[2009/03/03, 01:30:39] 검색을 시작합니다. 질의문 - [sample276]
[2009/03/03, 01:30:39] searchString() : 형태소 분석 DB를 사용, 검색을 준비한다.
[2009/03/03, 01:30:40] 질의문 [sample276] 에 대한 검색 완료.
[2009/03/03, 01:30:40] bbc 이름의 인덱스를 0 번 위치에서 찾았습니다. 이를 바탕으로 구성합니다.
[2009/03/03, 01:30:40] 검색을 시작합니다. 질의문 - [최시중176 | document279]
[2009/03/03, 01:30:40] searchString() : 형태소 분석 DB를 사용, 검색을 준비한다.
[2009/03/03, 01:30:40] 질의문 [최시중176 | document279] 에 대한 검색 완료.
[2009/03/03, 02:00:38] initIndex(): 설정이 선택되지 않았습니다. 최초 구동 시점으로 간주하고 설정을 읽는 처리 작업만 완료합니다.
[2009/03/03, 02:00:38] createIndex(): Update 모드로 동작합니다.
[2009/03/03, 02:00:38] createIndex(): 기존 DB 발견, DB를 업데이트 하기전 이전 DB를 d:/nas/ibss/bbc/IDX_OLD로 복사본을 생성합니다.
[2009/03/03, 02:00:38] createIndex(): 기존 DB를 성공적으로 백업하였습니다.
[2009/03/03, 02:00:38] Indexing Term sort/merging Component Processed.
[2009/03/03, 02:00:38] Indexing Term Sort / Merging 완료 프로시저 시행 완료.
[2009/03/03, 02:00:38] Term List를 생성하기 시작한다.
[2009/03/03, 02:00:38] Term List를 생성완료.
[2009/03/03, 02:00:38] Inverted Index 생성 시작..
[2009/03/03, 02:00:39] Inverted Index 생성 프로시저 완료.
[2009/03/03, 02:00:39] createIndex(): iif_confitem_add() 성공. 매핑 번호 0
[2009/03/03, 02:00:39] createIndex(): 저장된 인덱스가 올바른지 최종적으로 검사합니다.
[2009/03/03, 02:00:39] createIndex() : bbc 인덱스 생성이 정상적으로 완료되었습니다.
[2009/03/03, 02:00:39] bbc 이름의 인덱스를 0 번 위치에서 찾았습니다. 이를 바탕으로 구성합니다.
[2009/03/03, 02:00:39] 검색을 시작합니다. 질의문 - [sample276]
[2009/03/03, 02:00:39] searchString() : 형태소 분석 DB를 사용, 검색을 준비한다.
[2009/03/03, 02:00:39] 질의문 [sample276] 에 대한 검색 완료.
[2009/03/03, 02:00:39] bbc 이름의 인덱스를 0 번 위치에서 찾았습니다. 이를 바탕으로 구성합니다.
[2009/03/03, 02:00:39] 검색을 시작합니다. 질의문 - [최시중176 !document279]
[2009/03/03, 02:00:39] searchString() : 형태소 분석 DB를 사용, 검색을 준비한다.
[2009/03/03, 02:00:40] 질의문 [최시중176 !document279] 에 대한 검색 완료.
[2009/03/03, 02:01:07] initIndex(): 설정이 선택되지 않았습니다. 최초 구동 시점으로 간주하고 설정을 읽는 처리 작업만 완료합니다.
[2009/03/03, 02:01:07] createIndex(): Update 모드로 동작합니다.
[2009/03/03, 02:01:07] createIndex(): 기존 DB 발견, DB를 업데이트 하기전 이전 DB를 d:/nas/ibss/bbc/IDX_OLD로 복사본을 생성합니다.
[2009/03/03, 02:01:07] createIndex(): 기존 DB를 성공적으로 백업하였습니다.
[2009/03/03, 02:01:07] Indexing Term sort/merging Component Processed.
[2009/03/03, 02:01:07] Indexing Term Sort / Merging 완료 프로시저 시행 완료.
[2009/03/03, 02:01:07] Term List를 생성하기 시작한다.
[2009/03/03, 02:01:07] Term List를 생성완료.
[2009/03/03, 02:01:07] Inverted Index 생성 시작..
[2009/03/03, 02:01:07] Inverted Index 생성 프로시저 완료.
[2009/03/03, 02:01:07] createIndex(): iif_confitem_add() 성공. 매핑 번호 0
[2009/03/03, 02:01:07] createIndex(): 저장된 인덱스가 올바른지 최종적으로 검사합니다.
[2009/03/03, 02:01:07] createIndex() : bbc 인덱스 생성이 정상적으로 완료되었습니다.
[2009/03/03, 02:01:07] bbc 이름의 인덱스를 0 번 위치에서 찾았습니다. 이를 바탕으로 구성합니다.
[2009/03/03, 02:01:07] 검색을 시작합니다. 질의문 - [sample276]
[2009/03/03, 02:01:07] searchString() : 형태소 분석 DB를 사용, 검색을 준비한다.
[2009/03/03, 02:01:08] 질의문 [sample276] 에 대한 검색 완료.
[2009/03/03, 02:01:08] bbc 이름의 인덱스를 0 번 위치에서 찾았습니다. 이를 바탕으로 구성합니다.
[2009/03/03, 02:01:08] 검색을 시작합니다. 질의문 - [최시중176 & !document279]
[2009/03/03, 02:01:08] searchString() : 형태소 분석 DB를 사용, 검색을 준비한다.
[2009/03/03, 02:01:08] 질의문 [최시중176 & !document279] 에 대한 검색 완료.
[2009/03/03, 02:01:39] initIndex(): 설정이 선택되지 않았습니다. 최초 구동 시점으로 간주하고 설정을 읽는 처리 작업만 완료합니다.
[2009/03/03, 02:01:39] createIndex(): Update 모드로 동작합니다.
[2009/03/03, 02:01:39] createIndex(): 기존 DB 발견, DB를 업데이트 하기전 이전 DB를 d:/nas/ibss/bbc/IDX_OLD로 복사본을 생성합니다.
[2009/03/03, 02:01:39] createIndex(): 기존 DB를 성공적으로 백업하였습니다.
[2009/03/03, 02:01:39] Indexing Term sort/merging Component Processed.
[2009/03/03, 02:01:39] Indexing Term Sort / Merging 완료 프로시저 시행 완료.
[2009/03/03, 02:01:39] Term List를 생성하기 시작한다.
[2009/03/03, 02:01:39] Term List를 생성완료.
[2009/03/03, 02:01:39] Inverted Index 생성 시작..
[2009/03/03, 02:01:39] Inverted Index 생성 프로시저 완료.
[2009/03/03, 02:01:39] createIndex(): iif_confitem_add() 성공. 매핑 번호 0
[2009/03/03, 02:01:39] createIndex(): 저장된 인덱스가 올바른지 최종적으로 검사합니다.
[2009/03/03, 02:01:39] createIndex() : bbc 인덱스 생성이 정상적으로 완료되었습니다.
[2009/03/03, 02:01:39] bbc 이름의 인덱스를 0 번 위치에서 찾았습니다. 이를 바탕으로 구성합니다.
[2009/03/03, 02:01:39] 검색을 시작합니다. 질의문 - [sample276]
[2009/03/03, 02:01:39] searchString() : 형태소 분석 DB를 사용, 검색을 준비한다.
[2009/03/03, 02:01:40] 질의문 [sample276] 에 대한 검색 완료.
[2009/03/03, 02:01:40] bbc 이름의 인덱스를 0 번 위치에서 찾았습니다. 이를 바탕으로 구성합니다.
[2009/03/03, 02:01:40] 검색을 시작합니다. 질의문 - [최시중176 & !document177]
[2009/03/03, 02:01:40] searchString() : 형태소 분석 DB를 사용, 검색을 준비한다.
[2009/03/03, 02:01:40] 질의문 [최시중176 & !document177] 에 대한 검색 완료.
[2009/03/03, 02:02:00] initIndex(): 설정이 선택되지 않았습니다. 최초 구동 시점으로 간주하고 설정을 읽는 처리 작업만 완료합니다.
[2009/03/03, 02:02:00] createIndex(): Update 모드로 동작합니다.
[2009/03/03, 02:02:00] createIndex(): 기존 DB 발견, DB를 업데이트 하기전 이전 DB를 d:/nas/ibss/bbc/IDX_OLD로 복사본을 생성합니다.
[2009/03/03, 02:02:00] createIndex(): 기존 DB를 성공적으로 백업하였습니다.
[2009/03/03, 02:02:00] Indexing Term sort/merging Component Processed.
[2009/03/03, 02:02:00] Indexing Term Sort / Merging 완료 프로시저 시행 완료.
[2009/03/03, 02:02:00] Term List를 생성하기 시작한다.
[2009/03/03, 02:02:00] Term List를 생성완료.
[2009/03/03, 02:02:00] Inverted Index 생성 시작..
[2009/03/03, 02:02:00] Inverted Index 생성 프로시저 완료.
[2009/03/03, 02:02:00] createIndex(): iif_confitem_add() 성공. 매핑 번호 0
[2009/03/03, 02:02:00] createIndex(): 저장된 인덱스가 올바른지 최종적으로 검사합니다.
[2009/03/03, 02:02:00] createIndex() : bbc 인덱스 생성이 정상적으로 완료되었습니다.
[2009/03/03, 02:02:00] bbc 이름의 인덱스를 0 번 위치에서 찾았습니다. 이를 바탕으로 구성합니다.
[2009/03/03, 02:02:00] 검색을 시작합니다. 질의문 - [sample276]
[2009/03/03, 02:02:00] searchString() : 형태소 분석 DB를 사용, 검색을 준비한다.
[2009/03/03, 02:02:00] 질의문 [sample276] 에 대한 검색 완료.
[2009/03/03, 02:02:00] bbc 이름의 인덱스를 0 번 위치에서 찾았습니다. 이를 바탕으로 구성합니다.
[2009/03/03, 02:02:00] 검색을 시작합니다. 질의문 - [최시중176 !document177]
[2009/03/03, 02:02:00] searchString() : 형태소 분석 DB를 사용, 검색을 준비한다.
[2009/03/03, 02:02:01] 질의문 [최시중176 !document177] 에 대한 검색 완료.
[2009/03/03, 11:55:16] initIndex(): 설정이 선택되지 않았습니다. 최초 구동 시점으로 간주하고 설정을 읽는 처리 작업만 완료합니다.
[2009/03/03, 11:55:16] createIndex(): Update 모드로 동작합니다.
[2009/03/03, 11:55:16] createIndex(): 기존 DB 발견, DB를 업데이트 하기전 이전 DB를 d:/nas/ibss/bbc/IDX_OLD로 복사본을 생성합니다.
[2009/03/03, 11:55:16] createIndex(): 기존 DB를 성공적으로 백업하였습니다.
[2009/03/03, 11:55:16] Indexing Term sort/merging Component Processed.
[2009/03/03, 11:55:16] Indexing Term Sort / Merging 완료 프로시저 시행 완료.
[2009/03/03, 11:55:16] Term List를 생성하기 시작한다.
[2009/03/03, 11:55:16] Term List를 생성완료.
[2009/03/03, 11:55:16] Inverted Index 생성 시작..
[2009/03/03, 11:55:16] Inverted Index 생성 프로시저 완료.
[2009/03/03, 11:55:16] createIndex(): iif_confitem_add() 성공. 매핑 번호 0
[2009/03/03, 11:55:16] createIndex(): 저장된 인덱스가 올바른지 최종적으로 검사합니다.
[2009/03/03, 11:55:16] createIndex() : bbc 인덱스 생성이 정상적으로 완료되었습니다.
[2009/03/03, 11:55:16] bbc 이름의 인덱스를 0 번 위치에서 찾았습니다. 이를 바탕으로 구성합니다.
[2009/03/03, 11:55:16] 검색을 시작합니다. 질의문 - [KBS10]
[2009/03/03, 11:55:16] searchString() : 형태소 분석 DB를 사용, 검색을 준비한다.
[2009/03/03, 11:55:16] 질의문 [KBS10] 에 대한 검색 완료.
[2009/03/03, 11:55:16] bbc 이름의 인덱스를 0 번 위치에서 찾았습니다. 이를 바탕으로 구성합니다.
[2009/03/03, 11:55:16] 검색을 시작합니다. 질의문 - [sample363 | 최시중362]
[2009/03/03, 11:55:16] searchString() : 형태소 분석 DB를 사용, 검색을 준비한다.
[2009/03/03, 11:55:17] 질의문 [sample363 | 최시중362] 에 대한 검색 완료.
[2009/03/03, 11:57:19] initIndex(): 설정이 선택되지 않았습니다. 최초 구동 시점으로 간주하고 설정을 읽는 처리 작업만 완료합니다.
[2009/03/03, 11:57:19] createIndex(): Update 모드로 동작합니다.
[2009/03/03, 11:57:19] createIndex(): 기존 DB 발견, DB를 업데이트 하기전 이전 DB를 d:/nas/ibss/bbc/IDX_OLD로 복사본을 생성합니다.
[2009/03/03, 11:57:19] createIndex(): 기존 DB를 성공적으로 백업하였습니다.
[2009/03/03, 11:57:19] Indexing Term sort/merging Component Processed.
[2009/03/03, 11:57:19] Indexing Term Sort / Merging 완료 프로시저 시행 완료.
[2009/03/03, 11:57:19] Term List를 생성하기 시작한다.
[2009/03/03, 11:57:19] Term List를 생성완료.
[2009/03/03, 11:57:19] Inverted Index 생성 시작..
[2009/03/03, 11:57:19] Inverted Index 생성 프로시저 완료.
[2009/03/03, 11:57:19] createIndex(): iif_confitem_add() 성공. 매핑 번호 0
[2009/03/03, 11:57:19] createIndex(): 저장된 인덱스가 올바른지 최종적으로 검사합니다.
[2009/03/03, 11:57:19] createIndex() : bbc 인덱스 생성이 정상적으로 완료되었습니다.
[2009/03/03, 11:57:19] bbc 이름의 인덱스를 0 번 위치에서 찾았습니다. 이를 바탕으로 구성합니다.
[2009/03/03, 11:57:19] 검색을 시작합니다. 질의문 - [KBS102]
[2009/03/03, 11:57:19] searchString() : 형태소 분석 DB를 사용, 검색을 준비한다.
[2009/03/03, 11:57:19] 질의문 [KBS102] 에 대한 검색 완료.
[2009/03/03, 11:57:19] bbc 이름의 인덱스를 0 번 위치에서 찾았습니다. 이를 바탕으로 구성합니다.
[2009/03/03, 11:57:19] 검색을 시작합니다. 질의문 - [sample363 | 최시중362]
[2009/03/03, 11:57:19] searchString() : 형태소 분석 DB를 사용, 검색을 준비한다.
[2009/03/03, 11:57:20] 질의문 [sample363 | 최시중362] 에 대한 검색 완료.
[2009/03/03, 11:58:20] initIndex(): 설정이 선택되지 않았습니다. 최초 구동 시점으로 간주하고 설정을 읽는 처리 작업만 완료합니다.
[2009/03/03, 11:58:20] createIndex(): Update 모드로 동작합니다.
[2009/03/03, 11:58:20] createIndex(): 기존 DB 발견, DB를 업데이트 하기전 이전 DB를 d:/nas/ibss/bbc/IDX_OLD로 복사본을 생성합니다.
[2009/03/03, 11:58:21] createIndex(): 기존 DB를 성공적으로 백업하였습니다.
[2009/03/03, 11:58:21] Indexing Term sort/merging Component Processed.
[2009/03/03, 11:58:21] Indexing Term Sort / Merging 완료 프로시저 시행 완료.
[2009/03/03, 11:58:21] Term List를 생성하기 시작한다.
[2009/03/03, 11:58:21] Term List를 생성완료.
[2009/03/03, 11:58:21] Inverted Index 생성 시작..
[2009/03/03, 11:58:21] Inverted Index 생성 프로시저 완료.
[2009/03/03, 11:58:21] createIndex(): iif_confitem_add() 성공. 매핑 번호 0
[2009/03/03, 11:58:21] createIndex(): 저장된 인덱스가 올바른지 최종적으로 검사합니다.
[2009/03/03, 11:58:21] createIndex() : bbc 인덱스 생성이 정상적으로 완료되었습니다.
[2009/03/03, 11:58:21] bbc 이름의 인덱스를 0 번 위치에서 찾았습니다. 이를 바탕으로 구성합니다.
[2009/03/03, 11:58:21] 검색을 시작합니다. 질의문 - [최시중2]
[2009/03/03, 11:58:21] searchString() : 형태소 분석 DB를 사용, 검색을 준비한다.
[2009/03/03, 11:58:21] 질의문 [최시중2] 에 대한 검색 완료.
[2009/03/03, 11:58:21] bbc 이름의 인덱스를 0 번 위치에서 찾았습니다. 이를 바탕으로 구성합니다.
[2009/03/03, 11:58:21] 검색을 시작합니다. 질의문 - [sample363 | 최시중362]
[2009/03/03, 11:58:21] searchString() : 형태소 분석 DB를 사용, 검색을 준비한다.
[2009/03/03, 11:58:22] 질의문 [sample363 | 최시중362] 에 대한 검색 완료.
[2009/03/03, 11:59:28] initIndex(): 설정이 선택되지 않았습니다. 최초 구동 시점으로 간주하고 설정을 읽는 처리 작업만 완료합니다.
[2009/03/03, 11:59:28] createIndex(): Update 모드로 동작합니다.
[2009/03/03, 11:59:28] createIndex(): 기존 DB 발견, DB를 업데이트 하기전 이전 DB를 d:/nas/ibss/bbc/IDX_OLD로 복사본을 생성합니다.
[2009/03/03, 11:59:28] createIndex(): 기존 DB를 성공적으로 백업하였습니다.
[2009/03/03, 11:59:28] Indexing Term sort/merging Component Processed.
[2009/03/03, 11:59:28] Indexing Term Sort / Merging 완료 프로시저 시행 완료.
[2009/03/03, 11:59:28] Term List를 생성하기 시작한다.
[2009/03/03, 11:59:29] Term List를 생성완료.
[2009/03/03, 11:59:29] Inverted Index 생성 시작..
[2009/03/03, 11:59:29] Inverted Index 생성 프로시저 완료.
[2009/03/03, 11:59:29] createIndex(): iif_confitem_add() 성공. 매핑 번호 0
[2009/03/03, 11:59:29] createIndex(): 저장된 인덱스가 올바른지 최종적으로 검사합니다.
[2009/03/03, 11:59:29] createIndex() : bbc 인덱스 생성이 정상적으로 완료되었습니다.
[2009/03/03, 11:59:29] bbc 이름의 인덱스를 0 번 위치에서 찾았습니다. 이를 바탕으로 구성합니다.
[2009/03/03, 11:59:29] 검색을 시작합니다. 질의문 - [최시중8]
[2009/03/03, 11:59:29] searchString() : 형태소 분석 DB를 사용, 검색을 준비한다.
[2009/03/03, 11:59:29] 질의문 [최시중8] 에 대한 검색 완료.
[2009/03/03, 11:59:29] bbc 이름의 인덱스를 0 번 위치에서 찾았습니다. 이를 바탕으로 구성합니다.
[2009/03/03, 11:59:29] 검색을 시작합니다. 질의문 - [sample363 | 최시중362]
[2009/03/03, 11:59:29] searchString() : 형태소 분석 DB를 사용, 검색을 준비한다.
[2009/03/03, 11:59:30] 질의문 [sample363 | 최시중362] 에 대한 검색 완료.
[2009/03/03, 11:59:32] initIndex(): 설정이 선택되지 않았습니다. 최초 구동 시점으로 간주하고 설정을 읽는 처리 작업만 완료합니다.
[2009/03/03, 11:59:32] createIndex(): Update 모드로 동작합니다.
[2009/03/03, 11:59:32] createIndex(): 기존 DB 발견, DB를 업데이트 하기전 이전 DB를 d:/nas/ibss/bbc/IDX_OLD로 복사본을 생성합니다.
[2009/03/03, 11:59:32] createIndex(): 기존 DB를 성공적으로 백업하였습니다.
[2009/03/03, 11:59:32] Indexing Term sort/merging Component Processed.
[2009/03/03, 11:59:32] Indexing Term Sort / Merging 완료 프로시저 시행 완료.
[2009/03/03, 11:59:32] Term List를 생성하기 시작한다.
[2009/03/03, 11:59:32] Term List를 생성완료.
[2009/03/03, 11:59:32] Inverted Index 생성 시작..
[2009/03/03, 11:59:32] Inverted Index 생성 프로시저 완료.
[2009/03/03, 11:59:32] createIndex(): iif_confitem_add() 성공. 매핑 번호 0
[2009/03/03, 11:59:32] createIndex(): 저장된 인덱스가 올바른지 최종적으로 검사합니다.
[2009/03/03, 11:59:32] createIndex() : bbc 인덱스 생성이 정상적으로 완료되었습니다.
[2009/03/03, 11:59:32] bbc 이름의 인덱스를 0 번 위치에서 찾았습니다. 이를 바탕으로 구성합니다.
[2009/03/03, 11:59:32] 검색을 시작합니다. 질의문 - [최시중8]
[2009/03/03, 11:59:32] searchString() : 형태소 분석 DB를 사용, 검색을 준비한다.
[2009/03/03, 11:59:33] 질의문 [최시중8] 에 대한 검색 완료.
[2009/03/03, 11:59:33] bbc 이름의 인덱스를 0 번 위치에서 찾았습니다. 이를 바탕으로 구성합니다.
[2009/03/03, 11:59:33] 검색을 시작합니다. 질의문 - [sample363 | 최시중362]
[2009/03/03, 11:59:33] searchString() : 형태소 분석 DB를 사용, 검색을 준비한다.
[2009/03/03, 11:59:33] 질의문 [sample363 | 최시중362] 에 대한 검색 완료.
[2009/03/03, 11:59:59] initIndex(): 설정이 선택되지 않았습니다. 최초 구동 시점으로 간주하고 설정을 읽는 처리 작업만 완료합니다.
[2009/03/03, 11:59:59] createIndex(): Update 모드로 동작합니다.
[2009/03/03, 11:59:59] createIndex(): 기존 DB 발견, DB를 업데이트 하기전 이전 DB를 d:/nas/ibss/bbc/IDX_OLD로 복사본을 생성합니다.
[2009/03/03, 11:59:59] createIndex(): 기존 DB를 성공적으로 백업하였습니다.
[2009/03/03, 11:59:59] Indexing Term sort/merging Component Processed.
[2009/03/03, 11:59:59] Indexing Term Sort / Merging 완료 프로시저 시행 완료.
[2009/03/03, 11:59:59] Term List를 생성하기 시작한다.
[2009/03/03, 11:59:59] Term List를 생성완료.
[2009/03/03, 11:59:59] Inverted Index 생성 시작..
[2009/03/03, 11:59:59] Inverted Index 생성 프로시저 완료.
[2009/03/03, 11:59:59] createIndex(): iif_confitem_add() 성공. 매핑 번호 0
[2009/03/03, 11:59:59] createIndex(): 저장된 인덱스가 올바른지 최종적으로 검사합니다.
[2009/03/03, 11:59:59] createIndex() : bbc 인덱스 생성이 정상적으로 완료되었습니다.
[2009/03/03, 11:59:59] bbc 이름의 인덱스를 0 번 위치에서 찾았습니다. 이를 바탕으로 구성합니다.
[2009/03/03, 11:59:59] 검색을 시작합니다. 질의문 - [최시중24]
[2009/03/03, 11:59:59] searchString() : 형태소 분석 DB를 사용, 검색을 준비한다.
[2009/03/03, 12:00:00] 질의문 [최시중24] 에 대한 검색 완료.
[2009/03/03, 12:00:00] bbc 이름의 인덱스를 0 번 위치에서 찾았습니다. 이를 바탕으로 구성합니다.
[2009/03/03, 12:00:00] 검색을 시작합니다. 질의문 - [sample363 | 최시중362]
[2009/03/03, 12:00:00] searchString() : 형태소 분석 DB를 사용, 검색을 준비한다.
[2009/03/03, 12:00:00] 질의문 [sample363 | 최시중362] 에 대한 검색 완료.
[2009/03/03, 12:01:45] initIndex(): 설정이 선택되지 않았습니다. 최초 구동 시점으로 간주하고 설정을 읽는 처리 작업만 완료합니다.
[2009/03/03, 12:01:45] createIndex(): Update 모드로 동작합니다.
[2009/03/03, 12:01:45] createIndex(): 기존 DB 발견, DB를 업데이트 하기전 이전 DB를 d:/nas/ibss/bbc/IDX_OLD로 복사본을 생성합니다.
[2009/03/03, 12:01:45] createIndex(): 기존 DB를 성공적으로 백업하였습니다.
[2009/03/03, 12:01:45] Indexing Term sort/merging Component Processed.
[2009/03/03, 12:01:45] Indexing Term Sort / Merging 완료 프로시저 시행 완료.
[2009/03/03, 12:01:45] Term List를 생성하기 시작한다.
[2009/03/03, 12:01:45] Term List를 생성완료.
[2009/03/03, 12:01:45] Inverted Index 생성 시작..
[2009/03/03, 12:01:45] Inverted Index 생성 프로시저 완료.
[2009/03/03, 12:01:45] createIndex(): iif_confitem_add() 성공. 매핑 번호 0
[2009/03/03, 12:01:45] createIndex(): 저장된 인덱스가 올바른지 최종적으로 검사합니다.
[2009/03/03, 12:01:45] createIndex() : bbc 인덱스 생성이 정상적으로 완료되었습니다.
[2009/03/03, 12:01:45] bbc 이름의 인덱스를 0 번 위치에서 찾았습니다. 이를 바탕으로 구성합니다.
[2009/03/03, 12:01:45] 검색을 시작합니다. 질의문 - [sample3147]
[2009/03/03, 12:01:45] searchString() : 형태소 분석 DB를 사용, 검색을 준비한다.
[2009/03/03, 12:01:46] 질의문 [sample3147] 에 대한 검색 완료.
[2009/03/03, 12:01:46] bbc 이름의 인덱스를 0 번 위치에서 찾았습니다. 이를 바탕으로 구성합니다.
[2009/03/03, 12:01:46] 검색을 시작합니다. 질의문 - [sample363 | 최시중362]
[2009/03/03, 12:01:46] searchString() : 형태소 분석 DB를 사용, 검색을 준비한다.
[2009/03/03, 12:01:46] 질의문 [sample363 | 최시중362] 에 대한 검색 완료.
[2009/03/03, 12:38:32] initIndex(): 설정이 선택되지 않았습니다. 최초 구동 시점으로 간주하고 설정을 읽는 처리 작업만 완료합니다.
[2009/03/03, 12:38:32] createIndex(): Update 모드로 동작합니다.
[2009/03/03, 12:38:32] createIndex(): 기존 DB 발견, DB를 업데이트 하기전 이전 DB를 d:/nas/ibss/bbc/IDX_OLD로 복사본을 생성합니다.
[2009/03/03, 12:38:32] createIndex(): 기존 DB를 성공적으로 백업하였습니다.
[2009/03/03, 12:38:32] Indexing Term sort/merging Component Processed.
[2009/03/03, 12:38:32] Indexing Term Sort / Merging 완료 프로시저 시행 완료.
[2009/03/03, 12:38:32] Term List를 생성하기 시작한다.
[2009/03/03, 12:38:32] Term List를 생성완료.
[2009/03/03, 12:38:32] Inverted Index 생성 시작..
[2009/03/03, 12:38:32] Inverted Index 생성 프로시저 완료.
[2009/03/03, 12:38:32] createIndex(): iif_confitem_add() 성공. 매핑 번호 0
[2009/03/03, 12:38:32] createIndex(): 저장된 인덱스가 올바른지 최종적으로 검사합니다.
[2009/03/03, 12:38:32] createIndex() : bbc 인덱스 생성이 정상적으로 완료되었습니다.
[2009/03/03, 12:38:32] bbc 이름의 인덱스를 0 번 위치에서 찾았습니다. 이를 바탕으로 구성합니다.
[2009/03/03, 12:38:32] 검색을 시작합니다. 질의문 - [sample3147]
[2009/03/03, 12:38:32] searchString() : 형태소 분석 DB를 사용, 검색을 준비한다.
[2009/03/03, 12:38:33] 질의문 [sample3147] 에 대한 검색 완료.
[2009/03/03, 12:38:33] bbc 이름의 인덱스를 0 번 위치에서 찾았습니다. 이를 바탕으로 구성합니다.
[2009/03/03, 12:38:33] 검색을 시작합니다. 질의문 - [sample363 | 최시중362]
[2009/03/03, 12:38:33] searchString() : 형태소 분석 DB를 사용, 검색을 준비한다.
[2009/03/03, 12:38:33] 질의문 [sample363 | 최시중362] 에 대한 검색 완료.
[2009/03/03, 12:39:09] initIndex(): 설정이 선택되지 않았습니다. 최초 구동 시점으로 간주하고 설정을 읽는 처리 작업만 완료합니다.
[2009/03/03, 12:39:09] createIndex(): Update 모드로 동작합니다.
[2009/03/03, 12:39:09] createIndex(): 기존 DB 발견, DB를 업데이트 하기전 이전 DB를 d:/nas/ibss/bbc/IDX_OLD로 복사본을 생성합니다.
[2009/03/03, 12:39:10] createIndex(): 기존 DB를 성공적으로 백업하였습니다.
[2009/03/03, 12:39:10] Indexing Term sort/merging Component Processed.
[2009/03/03, 12:39:10] Indexing Term Sort / Merging 완료 프로시저 시행 완료.
[2009/03/03, 12:39:10] Term List를 생성하기 시작한다.
[2009/03/03, 12:39:10] Term List를 생성완료.
[2009/03/03, 12:39:10] Inverted Index 생성 시작..
[2009/03/03, 12:39:10] Inverted Index 생성 프로시저 완료.
[2009/03/03, 12:39:10] createIndex(): iif_confitem_add() 성공. 매핑 번호 0
[2009/03/03, 12:39:10] createIndex(): 저장된 인덱스가 올바른지 최종적으로 검사합니다.
[2009/03/03, 12:39:10] createIndex() : bbc 인덱스 생성이 정상적으로 완료되었습니다.
[2009/03/03, 12:39:10] bbc 이름의 인덱스를 0 번 위치에서 찾았습니다. 이를 바탕으로 구성합니다.
[2009/03/03, 12:39:10] 검색을 시작합니다. 질의문 - [최시중2]
[2009/03/03, 12:39:10] searchString() : 형태소 분석 DB를 사용, 검색을 준비한다.
[2009/03/03, 12:39:10] 질의문 [최시중2] 에 대한 검색 완료.
[2009/03/03, 12:39:10] bbc 이름의 인덱스를 0 번 위치에서 찾았습니다. 이를 바탕으로 구성합니다.
[2009/03/03, 12:39:10] 검색을 시작합니다. 질의문 - [sample363 | 최시중362]
[2009/03/03, 12:39:10] searchString() : 형태소 분석 DB를 사용, 검색을 준비한다.
[2009/03/03, 12:39:11] 질의문 [sample363 | 최시중362] 에 대한 검색 완료.
[2009/03/03, 22:03:34] initIndex(): 설정이 선택되지 않았습니다. 최초 구동 시점으로 간주하고 설정을 읽는 처리 작업만 완료합니다.
[2009/03/03, 22:03:34] createIndex(): Update 모드로 동작합니다.
[2009/03/03, 22:03:34] createIndex(): 기존 DB 발견, DB를 업데이트 하기전 이전 DB를 d:/nas/ibss/bbc/IDX_OLD로 복사본을 생성합니다.
[2009/03/03, 22:03:34] createIndex(): 기존 DB를 성공적으로 백업하였습니다.
[2009/03/03, 22:03:34] Indexing Term sort/merging Component Processed.
[2009/03/03, 22:03:34] Indexing Term Sort / Merging 완료 프로시저 시행 완료.
[2009/03/03, 22:03:34] Term List를 생성하기 시작한다.
[2009/03/03, 22:03:34] Term List를 생성완료.
[2009/03/03, 22:03:34] Inverted Index 생성 시작..
[2009/03/03, 22:03:34] Inverted Index 생성 프로시저 완료.
[2009/03/03, 22:03:34] createIndex(): iif_confitem_add() 성공. 매핑 번호 0
[2009/03/03, 22:03:35] createIndex(): 저장된 인덱스가 올바른지 최종적으로 검사합니다.
[2009/03/03, 22:03:35] createIndex() : bbc 인덱스 생성이 정상적으로 완료되었습니다.
[2009/03/03, 22:03:35] bbc 이름의 인덱스를 0 번 위치에서 찾았습니다. 이를 바탕으로 구성합니다.
[2009/03/03, 22:03:35] 검색을 시작합니다. 질의문 - [최시중2]
[2009/03/03, 22:03:35] searchString() : 형태소 분석 DB를 사용, 검색을 준비한다.
[2009/03/03, 22:03:35] 질의문 [최시중2] 에 대한 검색 완료.
[2009/03/03, 22:03:35] bbc 이름의 인덱스를 0 번 위치에서 찾았습니다. 이를 바탕으로 구성합니다.
[2009/03/03, 22:03:35] 검색을 시작합니다. 질의문 - [sample363 | 최시중362]
[2009/03/03, 22:03:35] searchString() : 형태소 분석 DB를 사용, 검색을 준비한다.
[2009/03/03, 22:03:35] 질의문 [sample363 | 최시중362] 에 대한 검색 완료.